<!DOCTYPE html>
<html lang="en">
<head>
    <meta charset="UTF-8">
    <title>测试报告</title>

       <link rel="stylesheet" href="https://cdn.staticfile.org/twitter-bootstrap/4.5.0/css/bootstrap.min.css">
    <script src=" https://cdn.staticfile.org/jquery/2.0.0/jquery.min.js"></script>
    <script src="https://cdn.staticfile.org/echarts/5.1.2/echarts.min.js"></script>
    <!--    页面样式-->
    <style type="text/css">
        /*标题样式*/
        .title {
            width: auto;
            height: 60px;
            text-align: center;
            font: bolder 38px/60px "Microsoft YaHei UI";
        }

        /*汇总信息样式*/
        .summary {
            width: 90%;
            position: absolute;
            top: 120px;
            margin-left: 5%;

        }

        .text-left {
            font: bolder 20px/30px "Microsoft YaHei UI";
        }

        .left {
            width: 50%;
            float: left;

        }

        .right {
            width: 50%;
            float: right;

        }

        .desc {
            float: left;
            width: 100%;
        }

        .list-group-item span {
            font: normal 16px/38px "Microsoft YaHei UI";
            padding: 30px;

        }

        .list-group-item {
            position: relative;
            display: block;
            padding: .4rem 1.25rem;
            background-color: #fff;
            border: 1px solid rgba(0, 0, 0, .125);
        }

        /* 执行信息样式   */
        .test_info {
            width: 90%;
            position: absolute;
            top: 900px;
            margin-left: 5%;

            color: #28a745 !important;
        }

        .table td, th {
            border: solid 2px rgba(9, 122, 51, 0.11) !important;
            padding: 0;
            line-height: 40px;
            text-align: center;

        }


        select {
            border: 0;
            padding: 0;
            margin: 0;
            height: 2em;
            width: 8em;
            margin-left: 2em;
        }

        option {
            text-align: center;
            height: 36px;
            font: none 18px/36px "Microsoft YaHei UI";
            color: #28a745 !important;
        }

        .test_log {
            background: rgba(163, 171, 189, 0.15);
            width: 100%;
            height: 50px;
            border-top: none;
            border-bottom: none;
            display: none;
            text-align: left;
        }

        .test_log td {
            text-align: left;
            height: 30px;
            margin: 0;
            padding-left: 3em;
            padding-right:3em;
            font: none 18px/24px "Microsoft YaHei UI";
            color: #9e141a;
        }

        pre {
            margin: 0;
            white-space: pre-wrap;
            white-space: -moz-pre-wrap;
            white-space: -o-pre-wrap;
            word-wrap: break-word;
            line-height: 22px;
            font-size: 14px
        }

        /*    测试图表显示*/
        .char {
            width: 90%;
            position: absolute;
            top: 450px;
            margin-left: 5%;
            color: #28a745 !important;
        }

    </style>

</head>
<body>

<!--报告标题-->
<div class="title text-success">
    <div class="shadow-lg p-3 mb-5 bg-white rounded">二期多模块-测试报告</div>
</div>

<!--汇总信息-->
<div class="summary">
    <p class="text-left text-success">测试结果汇总</p>
    <div class="left">
        <ul class="list-group">
            <li class="list-group-item">
                <button type="button" class="btn btn-success">测试人员</button>
                <span class="text-dark">史沂鑫</span>
            </li>
            <li class="list-group-item">
                <button type="button" class="btn btn-success">开始时间</button>
                <span class="text-dark">2023-07-11 19:08:27</span>
            </li>
            <li class="list-group-item">
                <button type="button" class="btn btn-success">执行时间</button>
                <span class="text-dark">11.64 S</span>
            </li>
            <li class="list-group-item">
                <button type="button" class="btn btn-success">用例总数</button>
                <span class="text-dark">58</span>
            </li>


        </ul>
    </div>
    <div class="right">
        <ul class="list-group">

            <li class="list-group-item">
                <button type="button" class="btn btn-success">成功用例</button>
                <span class="text-success">19</span>
            </li>
            <li class="list-group-item">
                <button type="button" class="btn btn-warning">失败用例</button>
                <span class="text-warning">32</span>
            </li>
            <li class="list-group-item">
                <button type="button" class="btn btn-danger">错误用例</button>
                <span class="text-danger">7</span>
            </li>
            <li class="list-group-item">
                <button type="button" class="btn btn-secondary">跳过用例</button>
                <span class="text-secondary">0</span>
            </li>
        </ul>
    </div>
    <div class="desc">
        <ul class="list-group">
            <li class="list-group-item">
                <button type="button" class="btn btn-success">描述信息</button>
                <span class="text-secondary">此为柠檬班投资测试的测试报告</span>
            </li>
        </ul>
    </div>


</div>

<!--测试图表-->
<div class="char">
    <p class="text-left text-success">图表展示</p>
    <div id="char2" style="width: 49%;height: 400px;float: left"></div>
    <div id="char" style="width: 49%;height: 400px ;float: left"></div>
</div>

<!--详细信息-->
<div class="test_info">

    <p class="text-left text-success">详细信息</p>
    <div class="table_data">

        <table class="table">
            <thead class="bg-success text-light">
            <tr>
                <th scope="col" style="width: 5%;padding: 0">编号</th>
                <th scope="col" style="width: 20%;padding: 0">
                    <span>测试类</span>
                    <select id="testClass">
                        <option>所有</option>
                        
                            <option>TestLogin</option>
                        
                            <option>TestAudit</option>
                        
                            <option>TestInvest</option>
                        
                            <option>TestWithdraw</option>
                        
                            <option>TestAdd</option>
                        
                            <option>TestRecharge</option>
                        
                            <option>TestRegister</option>
                        
                    </select>

                </th>

                <th scope="col" style="width: 15%;padding: 0">测试方法</th>
                <th scope="col" style="width: 20%;padding: 0">用例描述</th>
                <th scope="col" style="width: 15%;padding: 0">执行时间</th>
                <th scope="col" style="width: 20%;padding: 0">

                    <span>执行结果</span>
                    <select id="testResult">
                        <option>所有</option>
                        <option class="text-success">成功</option>
                        <option class="text-warning">失败</option>
                        <option class="text-danger">错误</option>
                        <option class="text-info">跳过</option>
                    </select>

                </th>
                <th scope="col" style="width: 10%;padding: 0">详细信息</th>
            </tr>
            </thead>
            <tbody>
            
                <tr>
                    <td>1</td>
                    <td class="TestRegister">TestRegister</td>
                    <td>test_register_001</td>
                    <td>注册成功-带注册名</td>
                    <td>0.245s</td>
                    
                        <td class="text-success">成功</td>
                    
                    <td>
                        <button type="button" class="btn btn-success btn_info">查看详情</button>
                    </td>
                </tr>

                <tr class="test_log">

                    <td colspan="7" class="small text-muted" style=" word-wrap:break-word; word-break:break-all">
                        

                            <pre>预期结果： {'code': 0, 'msg': 'OK'}
实际结果： {'code': 0, 'msg': 'OK', 'data': {'id': 123980, 'reg_name': '用户1', 'mobile_phone': '13372429376'}, 'copyright': 'Copyright 柠檬班 © 2017-2020 湖南省零檬信息技术有限公司 All Rights Reserved'}
数据库中查询的数量为： 1
test_register_001 (test_01register.TestRegister.test_register_001)执行——>【通过】
</pre>
                        
                        
                    </td>
                </tr>
            
                <tr>
                    <td>2</td>
                    <td class="TestRegister">TestRegister</td>
                    <td>test_register_002</td>
                    <td>注册成功-不带注册名</td>
                    <td>0.233s</td>
                    
                        <td class="text-success">成功</td>
                    
                    <td>
                        <button type="button" class="btn btn-success btn_info">查看详情</button>
                    </td>
                </tr>

                <tr class="test_log">

                    <td colspan="7" class="small text-muted" style=" word-wrap:break-word; word-break:break-all">
                        

                            <pre>预期结果： {'code': 0, 'msg': 'OK'}
实际结果： {'code': 0, 'msg': 'OK', 'data': {'id': 123981, 'reg_name': '小柠檬', 'mobile_phone': '13394909171'}, 'copyright': 'Copyright 柠檬班 © 2017-2020 湖南省零檬信息技术有限公司 All Rights Reserved'}
数据库中查询的数量为： 1
test_register_002 (test_01register.TestRegister.test_register_002)执行——>【通过】
</pre>
                        
                        
                    </td>
                </tr>
            
                <tr>
                    <td>3</td>
                    <td class="TestRegister">TestRegister</td>
                    <td>test_register_003</td>
                    <td>不输入手机号</td>
                    <td>0.107s</td>
                    
                        <td class="text-success">成功</td>
                    
                    <td>
                        <button type="button" class="btn btn-success btn_info">查看详情</button>
                    </td>
                </tr>

                <tr class="test_log">

                    <td colspan="7" class="small text-muted" style=" word-wrap:break-word; word-break:break-all">
                        

                            <pre>预期结果： {'code': 1, 'msg': '手机号为空'}
实际结果： {'code': 1, 'msg': '手机号为空', 'data': None, 'copyright': 'Copyright 柠檬班 © 2017-2020 湖南省零檬信息技术有限公司 All Rights Reserved'}
test_register_003 (test_01register.TestRegister.test_register_003)执行——>【通过】
</pre>
                        
                        
                    </td>
                </tr>
            
                <tr>
                    <td>4</td>
                    <td class="TestRegister">TestRegister</td>
                    <td>test_register_004</td>
                    <td>输入手机号为10位</td>
                    <td>0.102s</td>
                    
                        <td class="text-success">成功</td>
                    
                    <td>
                        <button type="button" class="btn btn-success btn_info">查看详情</button>
                    </td>
                </tr>

                <tr class="test_log">

                    <td colspan="7" class="small text-muted" style=" word-wrap:break-word; word-break:break-all">
                        

                            <pre>预期结果： {'code': 2, 'msg': '无效的手机格式'}
实际结果： {'code': 2, 'msg': '无效的手机格式', 'data': None, 'copyright': 'Copyright 柠檬班 © 2017-2020 湖南省零檬信息技术有限公司 All Rights Reserved'}
test_register_004 (test_01register.TestRegister.test_register_004)执行——>【通过】
</pre>
                        
                        
                    </td>
                </tr>
            
                <tr>
                    <td>5</td>
                    <td class="TestRegister">TestRegister</td>
                    <td>test_register_005</td>
                    <td>输入手机号为12位</td>
                    <td>0.0987s</td>
                    
                        <td class="text-success">成功</td>
                    
                    <td>
                        <button type="button" class="btn btn-success btn_info">查看详情</button>
                    </td>
                </tr>

                <tr class="test_log">

                    <td colspan="7" class="small text-muted" style=" word-wrap:break-word; word-break:break-all">
                        

                            <pre>预期结果： {'code': 2, 'msg': '无效的手机格式'}
实际结果： {'code': 2, 'msg': '无效的手机格式', 'data': None, 'copyright': 'Copyright 柠檬班 © 2017-2020 湖南省零檬信息技术有限公司 All Rights Reserved'}
test_register_005 (test_01register.TestRegister.test_register_005)执行——>【通过】
</pre>
                        
                        
                    </td>
                </tr>
            
                <tr>
                    <td>6</td>
                    <td class="TestRegister">TestRegister</td>
                    <td>test_register_006</td>
                    <td>输入手机号含非法字符</td>
                    <td>0.111s</td>
                    
                        <td class="text-success">成功</td>
                    
                    <td>
                        <button type="button" class="btn btn-success btn_info">查看详情</button>
                    </td>
                </tr>

                <tr class="test_log">

                    <td colspan="7" class="small text-muted" style=" word-wrap:break-word; word-break:break-all">
                        

                            <pre>预期结果： {'code': 2, 'msg': '无效的手机格式'}
实际结果： {'code': 2, 'msg': '无效的手机格式', 'data': None, 'copyright': 'Copyright 柠檬班 © 2017-2020 湖南省零檬信息技术有限公司 All Rights Reserved'}
test_register_006 (test_01register.TestRegister.test_register_006)执行——>【通过】
</pre>
                        
                        
                    </td>
                </tr>
            
                <tr>
                    <td>7</td>
                    <td class="TestRegister">TestRegister</td>
                    <td>test_register_007</td>
                    <td>输入已注册的手机号</td>
                    <td>0.151s</td>
                    
                        <td class="text-success">成功</td>
                    
                    <td>
                        <button type="button" class="btn btn-success btn_info">查看详情</button>
                    </td>
                </tr>

                <tr class="test_log">

                    <td colspan="7" class="small text-muted" style=" word-wrap:break-word; word-break:break-all">
                        

                            <pre>预期结果： {'code': 2, 'msg': '账号已存在'}
实际结果： {'code': 2, 'msg': '账号已存在', 'data': None, 'copyright': 'Copyright 柠檬班 © 2017-2020 湖南省零檬信息技术有限公司 All Rights Reserved'}
test_register_007 (test_01register.TestRegister.test_register_007)执行——>【通过】
</pre>
                        
                        
                    </td>
                </tr>
            
                <tr>
                    <td>8</td>
                    <td class="TestRegister">TestRegister</td>
                    <td>test_register_008</td>
                    <td>密码7位</td>
                    <td>0.113s</td>
                    
                        <td class="text-success">成功</td>
                    
                    <td>
                        <button type="button" class="btn btn-success btn_info">查看详情</button>
                    </td>
                </tr>

                <tr class="test_log">

                    <td colspan="7" class="small text-muted" style=" word-wrap:break-word; word-break:break-all">
                        

                            <pre>预期结果： {'code': 2, 'msg': '密码格式为8到16位'}
实际结果： {'code': 2, 'msg': '密码格式为8到16位', 'data': None, 'copyright': 'Copyright 柠檬班 © 2017-2020 湖南省零檬信息技术有限公司 All Rights Reserved'}
test_register_008 (test_01register.TestRegister.test_register_008)执行——>【通过】
</pre>
                        
                        
                    </td>
                </tr>
            
                <tr>
                    <td>9</td>
                    <td class="TestRegister">TestRegister</td>
                    <td>test_register_009</td>
                    <td>密码17位</td>
                    <td>0.114s</td>
                    
                        <td class="text-success">成功</td>
                    
                    <td>
                        <button type="button" class="btn btn-success btn_info">查看详情</button>
                    </td>
                </tr>

                <tr class="test_log">

                    <td colspan="7" class="small text-muted" style=" word-wrap:break-word; word-break:break-all">
                        

                            <pre>预期结果： {'code': 2, 'msg': '密码格式为8到16位'}
实际结果： {'code': 2, 'msg': '密码格式为8到16位', 'data': None, 'copyright': 'Copyright 柠檬班 © 2017-2020 湖南省零檬信息技术有限公司 All Rights Reserved'}
test_register_009 (test_01register.TestRegister.test_register_009)执行——>【通过】
</pre>
                        
                        
                    </td>
                </tr>
            
                <tr>
                    <td>10</td>
                    <td class="TestRegister">TestRegister</td>
                    <td>test_register_010</td>
                    <td>不输入密码</td>
                    <td>0.105s</td>
                    
                        <td class="text-success">成功</td>
                    
                    <td>
                        <button type="button" class="btn btn-success btn_info">查看详情</button>
                    </td>
                </tr>

                <tr class="test_log">

                    <td colspan="7" class="small text-muted" style=" word-wrap:break-word; word-break:break-all">
                        

                            <pre>预期结果： {'code': 1, 'msg': '密码为空'}
实际结果： {'code': 1, 'msg': '密码为空', 'data': None, 'copyright': 'Copyright 柠檬班 © 2017-2020 湖南省零檬信息技术有限公司 All Rights Reserved'}
test_register_010 (test_01register.TestRegister.test_register_010)执行——>【通过】
</pre>
                        
                        
                    </td>
                </tr>
            
                <tr>
                    <td>11</td>
                    <td class="TestRegister">TestRegister</td>
                    <td>test_register_011</td>
                    <td>注册名11位</td>
                    <td>0.166s</td>
                    
                        <td class="text-success">成功</td>
                    
                    <td>
                        <button type="button" class="btn btn-success btn_info">查看详情</button>
                    </td>
                </tr>

                <tr class="test_log">

                    <td colspan="7" class="small text-muted" style=" word-wrap:break-word; word-break:break-all">
                        

                            <pre>预期结果： {'code': 2, 'msg': '用户昵称长度超过10位'}
实际结果： {'code': 2, 'msg': '用户昵称长度超过10位', 'data': None, 'copyright': 'Copyright 柠檬班 © 2017-2020 湖南省零檬信息技术有限公司 All Rights Reserved'}
test_register_011 (test_01register.TestRegister.test_register_011)执行——>【通过】
</pre>
                        
                        
                    </td>
                </tr>
            
                <tr>
                    <td>12</td>
                    <td class="TestRegister">TestRegister</td>
                    <td>test_register_012</td>
                    <td>类型输入5</td>
                    <td>0.107s</td>
                    
                        <td class="text-success">成功</td>
                    
                    <td>
                        <button type="button" class="btn btn-success btn_info">查看详情</button>
                    </td>
                </tr>

                <tr class="test_log">

                    <td colspan="7" class="small text-muted" style=" word-wrap:break-word; word-break:break-all">
                        

                            <pre>预期结果： {'code': 2, 'msg': '不支持的用户类型'}
实际结果： {'code': 2, 'msg': '不支持的用户类型', 'data': None, 'copyright': 'Copyright 柠檬班 © 2017-2020 湖南省零檬信息技术有限公司 All Rights Reserved'}
test_register_012 (test_01register.TestRegister.test_register_012)执行——>【通过】
</pre>
                        
                        
                    </td>
                </tr>
            
                <tr>
                    <td>13</td>
                    <td class="TestRegister">TestRegister</td>
                    <td>test_register_013</td>
                    <td>不输入类型</td>
                    <td>0.225s</td>
                    
                        <td class="text-success">成功</td>
                    
                    <td>
                        <button type="button" class="btn btn-success btn_info">查看详情</button>
                    </td>
                </tr>

                <tr class="test_log">

                    <td colspan="7" class="small text-muted" style=" word-wrap:break-word; word-break:break-all">
                        

                            <pre>预期结果： {'code': 0, 'msg': 'OK'}
实际结果： {'code': 0, 'msg': 'OK', 'data': {'id': 123982, 'reg_name': '用户13', 'mobile_phone': '13388629326'}, 'copyright': 'Copyright 柠檬班 © 2017-2020 湖南省零檬信息技术有限公司 All Rights Reserved'}
数据库中查询的数量为： 1
test_register_013 (test_01register.TestRegister.test_register_013)执行——>【通过】
</pre>
                        
                        
                    </td>
                </tr>
            
                <tr>
                    <td>14</td>
                    <td class="TestLogin">TestLogin</td>
                    <td>test_login_001</td>
                    <td>登录成功</td>
                    <td>0.147s</td>
                    
                        <td class="text-success">成功</td>
                    
                    <td>
                        <button type="button" class="btn btn-success btn_info">查看详情</button>
                    </td>
                </tr>

                <tr class="test_log">

                    <td colspan="7" class="small text-muted" style=" word-wrap:break-word; word-break:break-all">
                        

                            <pre>预期结果： {'code': 0, 'msg': 'OK'}
实际结果： {'code': 0, 'msg': 'OK', 'data': {'id': 116933, 'leave_amount': 908447.96, 'mobile_phone': '18888880001', 'reg_name': '用户1', 'reg_time': '2023-06-12 15:14:06.0', 'type': 1, 'token_info': {'token_type': 'Bearer', 'expires_in': '2023-07-11 19:13:29', 'token': 'eyJhbGciOiJIUzUxMiJ9.eyJtZW1iZXJfaWQiOjExNjkzMywiZXhwIjoxNjg5MDc0MDA5fQ.TGFgWIH5fZUzsPL9v8EAdOA3_71sciHfdjuBXi5HrSnAOOwUW_4cxnf5PHssQJ-0p5uR15HJrlhH1gbA0MUPOQ'}}, 'copyright': 'Copyright 柠檬班 © 2017-2020 湖南省零檬信息技术有限公司 All Rights Reserved'}
test_login_001 (test_02login.TestLogin.test_login_001)执行——>【通过】
</pre>
                        
                        
                    </td>
                </tr>
            
                <tr>
                    <td>15</td>
                    <td class="TestLogin">TestLogin</td>
                    <td>test_login_002</td>
                    <td>手机号为空</td>
                    <td>0.111s</td>
                    
                        <td class="text-success">成功</td>
                    
                    <td>
                        <button type="button" class="btn btn-success btn_info">查看详情</button>
                    </td>
                </tr>

                <tr class="test_log">

                    <td colspan="7" class="small text-muted" style=" word-wrap:break-word; word-break:break-all">
                        

                            <pre>预期结果： {'code': 1, 'msg': '手机号码为空'}
实际结果： {'code': 1, 'msg': '手机号码为空', 'data': None, 'copyright': 'Copyright 柠檬班 © 2017-2020 湖南省零檬信息技术有限公司 All Rights Reserved'}
test_login_002 (test_02login.TestLogin.test_login_002)执行——>【通过】
</pre>
                        
                        
                    </td>
                </tr>
            
                <tr>
                    <td>16</td>
                    <td class="TestLogin">TestLogin</td>
                    <td>test_login_003</td>
                    <td>密码为空</td>
                    <td>0.11s</td>
                    
                        <td class="text-success">成功</td>
                    
                    <td>
                        <button type="button" class="btn btn-success btn_info">查看详情</button>
                    </td>
                </tr>

                <tr class="test_log">

                    <td colspan="7" class="small text-muted" style=" word-wrap:break-word; word-break:break-all">
                        

                            <pre>预期结果： {'code': 1, 'msg': '密码为空'}
实际结果： {'code': 1, 'msg': '密码为空', 'data': None, 'copyright': 'Copyright 柠檬班 © 2017-2020 湖南省零檬信息技术有限公司 All Rights Reserved'}
test_login_003 (test_02login.TestLogin.test_login_003)执行——>【通过】
</pre>
                        
                        
                    </td>
                </tr>
            
                <tr>
                    <td>17</td>
                    <td class="TestLogin">TestLogin</td>
                    <td>test_login_004</td>
                    <td>手机号未注册</td>
                    <td>0.145s</td>
                    
                        <td class="text-success">成功</td>
                    
                    <td>
                        <button type="button" class="btn btn-success btn_info">查看详情</button>
                    </td>
                </tr>

                <tr class="test_log">

                    <td colspan="7" class="small text-muted" style=" word-wrap:break-word; word-break:break-all">
                        

                            <pre>预期结果： {'code': 1001, 'msg': '账号信息错误'}
实际结果： {'code': 1001, 'msg': '账号信息错误', 'data': None, 'copyright': 'Copyright 柠檬班 © 2017-2020 湖南省零檬信息技术有限公司 All Rights Reserved'}
test_login_004 (test_02login.TestLogin.test_login_004)执行——>【通过】
</pre>
                        
                        
                    </td>
                </tr>
            
                <tr>
                    <td>18</td>
                    <td class="TestLogin">TestLogin</td>
                    <td>test_login_005</td>
                    <td>密码错误</td>
                    <td>0.146s</td>
                    
                        <td class="text-success">成功</td>
                    
                    <td>
                        <button type="button" class="btn btn-success btn_info">查看详情</button>
                    </td>
                </tr>

                <tr class="test_log">

                    <td colspan="7" class="small text-muted" style=" word-wrap:break-word; word-break:break-all">
                        

                            <pre>预期结果： {'code': 1001, 'msg': '账号信息错误'}
实际结果： {'code': 1001, 'msg': '账号信息错误', 'data': None, 'copyright': 'Copyright 柠檬班 © 2017-2020 湖南省零檬信息技术有限公司 All Rights Reserved'}
test_login_005 (test_02login.TestLogin.test_login_005)执行——>【通过】
</pre>
                        
                        
                    </td>
                </tr>
            
                <tr>
                    <td>19</td>
                    <td class="TestLogin">TestLogin</td>
                    <td>test_login_006</td>
                    <td>手机号格式错误</td>
                    <td>0.107s</td>
                    
                        <td class="text-success">成功</td>
                    
                    <td>
                        <button type="button" class="btn btn-success btn_info">查看详情</button>
                    </td>
                </tr>

                <tr class="test_log">

                    <td colspan="7" class="small text-muted" style=" word-wrap:break-word; word-break:break-all">
                        

                            <pre>预期结果： {'code': 2, 'msg': '无效的手机格式'}
实际结果： {'code': 2, 'msg': '无效的手机格式', 'data': None, 'copyright': 'Copyright 柠檬班 © 2017-2020 湖南省零檬信息技术有限公司 All Rights Reserved'}
test_login_006 (test_02login.TestLogin.test_login_006)执行——>【通过】
</pre>
                        
                        
                    </td>
                </tr>
            
                <tr>
                    <td>20</td>
                    <td class="TestRecharge">TestRecharge</td>
                    <td>test_recharge_001</td>
                    <td>充值成功-600</td>
                    <td>0.253s</td>
                    
                        <td class="text-warning">失败</td>
                    
                    <td>
                        <button type="button" class="btn btn-success btn_info">查看详情</button>
                    </td>
                </tr>

                <tr class="test_log">

                    <td colspan="7" class="small text-muted" style=" word-wrap:break-word; word-break:break-all">
                        

                            <pre>用例执行前，用户余额： 908447.96
预期结果： {'code': 0, 'msg': 'OK'}
实际结果： {'code': 1003, 'copyright': 'Copyright 柠檬班 © 2017-2020 湖南省零檬信息技术有限公司 All Rights Reserved', 'msg': '验签失败，缺少timestamp参数'}
用例执行后，用户余额： 908447.96
test_recharge_001 (test_03recharge.TestRecharge.test_recharge_001)执行——>【失败】
</pre>
                        

                            <pre>Traceback (most recent call last):
</pre>
                        

                            <pre>  File "D:\SYX\software\Language_environment\python\Lib\unittest\case.py", line 57, in testPartExecutor
    yield
</pre>
                        

                            <pre>  File "D:\SYX\software\Language_environment\python\Lib\unittest\case.py", line 623, in run
    self._callTestMethod(testMethod)
</pre>
                        

                            <pre>  File "D:\SYX\software\Language_environment\python\Lib\unittest\case.py", line 579, in _callTestMethod
    if method() is not None:
       ^^^^^^^^
</pre>
                        

                            <pre>  File "D:\SYX\software\Language_environment\python\Lib\site-packages\unittestreport\core\dataDriver.py", line 18, in wrapper
    return func(self, params, *args, **kwargs)
           ^^^^^^^^^^^^^^^^^^^^^^^^^^^^^^^^^^^
</pre>
                        

                            <pre>  File "D:\Pycharm_Program\Template_Files\program\program_2\testcases\test_03recharge.py", line 141, in test_recharge
    raise e
</pre>
                        

                            <pre>  File "D:\Pycharm_Program\Template_Files\program\program_2\testcases\test_03recharge.py", line 121, in test_recharge
    self.assertEqual(expected['code'],res['code']),
    ^^^^^^^^^^^^^^^^^^^^^^^^^^^^^^^^^^^^^^^^^^^^^^
</pre>
                        

                            <pre>AssertionError: 0 != 1003
</pre>
                        
                        
                    </td>
                </tr>
            
                <tr>
                    <td>21</td>
                    <td class="TestRecharge">TestRecharge</td>
                    <td>test_recharge_002</td>
                    <td>充值成功-50万</td>
                    <td>0.247s</td>
                    
                        <td class="text-warning">失败</td>
                    
                    <td>
                        <button type="button" class="btn btn-success btn_info">查看详情</button>
                    </td>
                </tr>

                <tr class="test_log">

                    <td colspan="7" class="small text-muted" style=" word-wrap:break-word; word-break:break-all">
                        

                            <pre>用例执行前，用户余额： 908447.96
预期结果： {'code': 0, 'msg': 'OK'}
实际结果： {'code': 1003, 'copyright': 'Copyright 柠檬班 © 2017-2020 湖南省零檬信息技术有限公司 All Rights Reserved', 'msg': '验签失败，缺少timestamp参数'}
用例执行后，用户余额： 908447.96
test_recharge_002 (test_03recharge.TestRecharge.test_recharge_002)执行——>【失败】
</pre>
                        

                            <pre>Traceback (most recent call last):
</pre>
                        

                            <pre>  File "D:\SYX\software\Language_environment\python\Lib\unittest\case.py", line 57, in testPartExecutor
    yield
</pre>
                        

                            <pre>  File "D:\SYX\software\Language_environment\python\Lib\unittest\case.py", line 623, in run
    self._callTestMethod(testMethod)
</pre>
                        

                            <pre>  File "D:\SYX\software\Language_environment\python\Lib\unittest\case.py", line 579, in _callTestMethod
    if method() is not None:
       ^^^^^^^^
</pre>
                        

                            <pre>  File "D:\SYX\software\Language_environment\python\Lib\site-packages\unittestreport\core\dataDriver.py", line 18, in wrapper
    return func(self, params, *args, **kwargs)
           ^^^^^^^^^^^^^^^^^^^^^^^^^^^^^^^^^^^
</pre>
                        

                            <pre>  File "D:\Pycharm_Program\Template_Files\program\program_2\testcases\test_03recharge.py", line 141, in test_recharge
    raise e
</pre>
                        

                            <pre>  File "D:\Pycharm_Program\Template_Files\program\program_2\testcases\test_03recharge.py", line 121, in test_recharge
    self.assertEqual(expected['code'],res['code']),
    ^^^^^^^^^^^^^^^^^^^^^^^^^^^^^^^^^^^^^^^^^^^^^^
</pre>
                        

                            <pre>AssertionError: 0 != 1003
</pre>
                        
                        
                    </td>
                </tr>
            
                <tr>
                    <td>22</td>
                    <td class="TestRecharge">TestRecharge</td>
                    <td>test_recharge_003</td>
                    <td>ID错误</td>
                    <td>0.24s</td>
                    
                        <td class="text-warning">失败</td>
                    
                    <td>
                        <button type="button" class="btn btn-success btn_info">查看详情</button>
                    </td>
                </tr>

                <tr class="test_log">

                    <td colspan="7" class="small text-muted" style=" word-wrap:break-word; word-break:break-all">
                        

                            <pre>用例执行前，用户余额： 908447.96
预期结果： {'code': 1007, 'msg': '无权限访问，请检查参数'}
实际结果： {'code': 1003, 'copyright': 'Copyright 柠檬班 © 2017-2020 湖南省零檬信息技术有限公司 All Rights Reserved', 'msg': '验签失败，缺少timestamp参数'}
用例执行后，用户余额： 908447.96
test_recharge_003 (test_03recharge.TestRecharge.test_recharge_003)执行——>【失败】
</pre>
                        

                            <pre>Traceback (most recent call last):
</pre>
                        

                            <pre>  File "D:\SYX\software\Language_environment\python\Lib\unittest\case.py", line 57, in testPartExecutor
    yield
</pre>
                        

                            <pre>  File "D:\SYX\software\Language_environment\python\Lib\unittest\case.py", line 623, in run
    self._callTestMethod(testMethod)
</pre>
                        

                            <pre>  File "D:\SYX\software\Language_environment\python\Lib\unittest\case.py", line 579, in _callTestMethod
    if method() is not None:
       ^^^^^^^^
</pre>
                        

                            <pre>  File "D:\SYX\software\Language_environment\python\Lib\site-packages\unittestreport\core\dataDriver.py", line 18, in wrapper
    return func(self, params, *args, **kwargs)
           ^^^^^^^^^^^^^^^^^^^^^^^^^^^^^^^^^^^
</pre>
                        

                            <pre>  File "D:\Pycharm_Program\Template_Files\program\program_2\testcases\test_03recharge.py", line 141, in test_recharge
    raise e
</pre>
                        

                            <pre>  File "D:\Pycharm_Program\Template_Files\program\program_2\testcases\test_03recharge.py", line 121, in test_recharge
    self.assertEqual(expected['code'],res['code']),
    ^^^^^^^^^^^^^^^^^^^^^^^^^^^^^^^^^^^^^^^^^^^^^^
</pre>
                        

                            <pre>AssertionError: 1007 != 1003
</pre>
                        
                        
                    </td>
                </tr>
            
                <tr>
                    <td>23</td>
                    <td class="TestRecharge">TestRecharge</td>
                    <td>test_recharge_004</td>
                    <td>不输入id</td>
                    <td>0.278s</td>
                    
                        <td class="text-warning">失败</td>
                    
                    <td>
                        <button type="button" class="btn btn-success btn_info">查看详情</button>
                    </td>
                </tr>

                <tr class="test_log">

                    <td colspan="7" class="small text-muted" style=" word-wrap:break-word; word-break:break-all">
                        

                            <pre>用例执行前，用户余额： 908447.96
预期结果： {'code': 1, 'msg': '用户id为空'}
实际结果： {'code': 1003, 'copyright': 'Copyright 柠檬班 © 2017-2020 湖南省零檬信息技术有限公司 All Rights Reserved', 'msg': '验签失败，缺少timestamp参数'}
用例执行后，用户余额： 908447.96
test_recharge_004 (test_03recharge.TestRecharge.test_recharge_004)执行——>【失败】
</pre>
                        

                            <pre>Traceback (most recent call last):
</pre>
                        

                            <pre>  File "D:\SYX\software\Language_environment\python\Lib\unittest\case.py", line 57, in testPartExecutor
    yield
</pre>
                        

                            <pre>  File "D:\SYX\software\Language_environment\python\Lib\unittest\case.py", line 623, in run
    self._callTestMethod(testMethod)
</pre>
                        

                            <pre>  File "D:\SYX\software\Language_environment\python\Lib\unittest\case.py", line 579, in _callTestMethod
    if method() is not None:
       ^^^^^^^^
</pre>
                        

                            <pre>  File "D:\SYX\software\Language_environment\python\Lib\site-packages\unittestreport\core\dataDriver.py", line 18, in wrapper
    return func(self, params, *args, **kwargs)
           ^^^^^^^^^^^^^^^^^^^^^^^^^^^^^^^^^^^
</pre>
                        

                            <pre>  File "D:\Pycharm_Program\Template_Files\program\program_2\testcases\test_03recharge.py", line 141, in test_recharge
    raise e
</pre>
                        

                            <pre>  File "D:\Pycharm_Program\Template_Files\program\program_2\testcases\test_03recharge.py", line 121, in test_recharge
    self.assertEqual(expected['code'],res['code']),
    ^^^^^^^^^^^^^^^^^^^^^^^^^^^^^^^^^^^^^^^^^^^^^^
</pre>
                        

                            <pre>AssertionError: 1 != 1003
</pre>
                        
                        
                    </td>
                </tr>
            
                <tr>
                    <td>24</td>
                    <td class="TestRecharge">TestRecharge</td>
                    <td>test_recharge_005</td>
                    <td>不输入金额</td>
                    <td>0.242s</td>
                    
                        <td class="text-warning">失败</td>
                    
                    <td>
                        <button type="button" class="btn btn-success btn_info">查看详情</button>
                    </td>
                </tr>

                <tr class="test_log">

                    <td colspan="7" class="small text-muted" style=" word-wrap:break-word; word-break:break-all">
                        

                            <pre>用例执行前，用户余额： 908447.96
预期结果： {'code': 1, 'msg': '余额为空'}
实际结果： {'code': 1003, 'copyright': 'Copyright 柠檬班 © 2017-2020 湖南省零檬信息技术有限公司 All Rights Reserved', 'msg': '验签失败，缺少timestamp参数'}
用例执行后，用户余额： 908447.96
test_recharge_005 (test_03recharge.TestRecharge.test_recharge_005)执行——>【失败】
</pre>
                        

                            <pre>Traceback (most recent call last):
</pre>
                        

                            <pre>  File "D:\SYX\software\Language_environment\python\Lib\unittest\case.py", line 57, in testPartExecutor
    yield
</pre>
                        

                            <pre>  File "D:\SYX\software\Language_environment\python\Lib\unittest\case.py", line 623, in run
    self._callTestMethod(testMethod)
</pre>
                        

                            <pre>  File "D:\SYX\software\Language_environment\python\Lib\unittest\case.py", line 579, in _callTestMethod
    if method() is not None:
       ^^^^^^^^
</pre>
                        

                            <pre>  File "D:\SYX\software\Language_environment\python\Lib\site-packages\unittestreport\core\dataDriver.py", line 18, in wrapper
    return func(self, params, *args, **kwargs)
           ^^^^^^^^^^^^^^^^^^^^^^^^^^^^^^^^^^^
</pre>
                        

                            <pre>  File "D:\Pycharm_Program\Template_Files\program\program_2\testcases\test_03recharge.py", line 141, in test_recharge
    raise e
</pre>
                        

                            <pre>  File "D:\Pycharm_Program\Template_Files\program\program_2\testcases\test_03recharge.py", line 121, in test_recharge
    self.assertEqual(expected['code'],res['code']),
    ^^^^^^^^^^^^^^^^^^^^^^^^^^^^^^^^^^^^^^^^^^^^^^
</pre>
                        

                            <pre>AssertionError: 1 != 1003
</pre>
                        
                        
                    </td>
                </tr>
            
                <tr>
                    <td>25</td>
                    <td class="TestRecharge">TestRecharge</td>
                    <td>test_recharge_006</td>
                    <td>充值金额为负</td>
                    <td>0.243s</td>
                    
                        <td class="text-warning">失败</td>
                    
                    <td>
                        <button type="button" class="btn btn-success btn_info">查看详情</button>
                    </td>
                </tr>

                <tr class="test_log">

                    <td colspan="7" class="small text-muted" style=" word-wrap:break-word; word-break:break-all">
                        

                            <pre>用例执行前，用户余额： 908447.96
预期结果： {'code': 2, 'msg': '余额必须大于0并且小于或者等于500000'}
实际结果： {'code': 1003, 'copyright': 'Copyright 柠檬班 © 2017-2020 湖南省零檬信息技术有限公司 All Rights Reserved', 'msg': '验签失败，缺少timestamp参数'}
用例执行后，用户余额： 908447.96
test_recharge_006 (test_03recharge.TestRecharge.test_recharge_006)执行——>【失败】
</pre>
                        

                            <pre>Traceback (most recent call last):
</pre>
                        

                            <pre>  File "D:\SYX\software\Language_environment\python\Lib\unittest\case.py", line 57, in testPartExecutor
    yield
</pre>
                        

                            <pre>  File "D:\SYX\software\Language_environment\python\Lib\unittest\case.py", line 623, in run
    self._callTestMethod(testMethod)
</pre>
                        

                            <pre>  File "D:\SYX\software\Language_environment\python\Lib\unittest\case.py", line 579, in _callTestMethod
    if method() is not None:
       ^^^^^^^^
</pre>
                        

                            <pre>  File "D:\SYX\software\Language_environment\python\Lib\site-packages\unittestreport\core\dataDriver.py", line 18, in wrapper
    return func(self, params, *args, **kwargs)
           ^^^^^^^^^^^^^^^^^^^^^^^^^^^^^^^^^^^
</pre>
                        

                            <pre>  File "D:\Pycharm_Program\Template_Files\program\program_2\testcases\test_03recharge.py", line 141, in test_recharge
    raise e
</pre>
                        

                            <pre>  File "D:\Pycharm_Program\Template_Files\program\program_2\testcases\test_03recharge.py", line 121, in test_recharge
    self.assertEqual(expected['code'],res['code']),
    ^^^^^^^^^^^^^^^^^^^^^^^^^^^^^^^^^^^^^^^^^^^^^^
</pre>
                        

                            <pre>AssertionError: 2 != 1003
</pre>
                        
                        
                    </td>
                </tr>
            
                <tr>
                    <td>26</td>
                    <td class="TestRecharge">TestRecharge</td>
                    <td>test_recharge_007</td>
                    <td>充值金额为500001</td>
                    <td>0.243s</td>
                    
                        <td class="text-warning">失败</td>
                    
                    <td>
                        <button type="button" class="btn btn-success btn_info">查看详情</button>
                    </td>
                </tr>

                <tr class="test_log">

                    <td colspan="7" class="small text-muted" style=" word-wrap:break-word; word-break:break-all">
                        

                            <pre>用例执行前，用户余额： 908447.96
预期结果： {'code': 2, 'msg': '余额必须大于0并且小于或者等于500000'}
实际结果： {'code': 1003, 'copyright': 'Copyright 柠檬班 © 2017-2020 湖南省零檬信息技术有限公司 All Rights Reserved', 'msg': '验签失败，缺少timestamp参数'}
用例执行后，用户余额： 908447.96
test_recharge_007 (test_03recharge.TestRecharge.test_recharge_007)执行——>【失败】
</pre>
                        

                            <pre>Traceback (most recent call last):
</pre>
                        

                            <pre>  File "D:\SYX\software\Language_environment\python\Lib\unittest\case.py", line 57, in testPartExecutor
    yield
</pre>
                        

                            <pre>  File "D:\SYX\software\Language_environment\python\Lib\unittest\case.py", line 623, in run
    self._callTestMethod(testMethod)
</pre>
                        

                            <pre>  File "D:\SYX\software\Language_environment\python\Lib\unittest\case.py", line 579, in _callTestMethod
    if method() is not None:
       ^^^^^^^^
</pre>
                        

                            <pre>  File "D:\SYX\software\Language_environment\python\Lib\site-packages\unittestreport\core\dataDriver.py", line 18, in wrapper
    return func(self, params, *args, **kwargs)
           ^^^^^^^^^^^^^^^^^^^^^^^^^^^^^^^^^^^
</pre>
                        

                            <pre>  File "D:\Pycharm_Program\Template_Files\program\program_2\testcases\test_03recharge.py", line 141, in test_recharge
    raise e
</pre>
                        

                            <pre>  File "D:\Pycharm_Program\Template_Files\program\program_2\testcases\test_03recharge.py", line 121, in test_recharge
    self.assertEqual(expected['code'],res['code']),
    ^^^^^^^^^^^^^^^^^^^^^^^^^^^^^^^^^^^^^^^^^^^^^^
</pre>
                        

                            <pre>AssertionError: 2 != 1003
</pre>
                        
                        
                    </td>
                </tr>
            
                <tr>
                    <td>27</td>
                    <td class="TestRecharge">TestRecharge</td>
                    <td>test_recharge_008</td>
                    <td>充值金额非数字</td>
                    <td>0.252s</td>
                    
                        <td class="text-warning">失败</td>
                    
                    <td>
                        <button type="button" class="btn btn-success btn_info">查看详情</button>
                    </td>
                </tr>

                <tr class="test_log">

                    <td colspan="7" class="small text-muted" style=" word-wrap:break-word; word-break:break-all">
                        

                            <pre>用例执行前，用户余额： 908447.96
预期结果： {'code': 2, 'msg': '余额必须为数值型'}
实际结果： {'code': 1003, 'copyright': 'Copyright 柠檬班 © 2017-2020 湖南省零檬信息技术有限公司 All Rights Reserved', 'msg': '验签失败，缺少timestamp参数'}
用例执行后，用户余额： 908447.96
test_recharge_008 (test_03recharge.TestRecharge.test_recharge_008)执行——>【失败】
</pre>
                        

                            <pre>Traceback (most recent call last):
</pre>
                        

                            <pre>  File "D:\SYX\software\Language_environment\python\Lib\unittest\case.py", line 57, in testPartExecutor
    yield
</pre>
                        

                            <pre>  File "D:\SYX\software\Language_environment\python\Lib\unittest\case.py", line 623, in run
    self._callTestMethod(testMethod)
</pre>
                        

                            <pre>  File "D:\SYX\software\Language_environment\python\Lib\unittest\case.py", line 579, in _callTestMethod
    if method() is not None:
       ^^^^^^^^
</pre>
                        

                            <pre>  File "D:\SYX\software\Language_environment\python\Lib\site-packages\unittestreport\core\dataDriver.py", line 18, in wrapper
    return func(self, params, *args, **kwargs)
           ^^^^^^^^^^^^^^^^^^^^^^^^^^^^^^^^^^^
</pre>
                        

                            <pre>  File "D:\Pycharm_Program\Template_Files\program\program_2\testcases\test_03recharge.py", line 141, in test_recharge
    raise e
</pre>
                        

                            <pre>  File "D:\Pycharm_Program\Template_Files\program\program_2\testcases\test_03recharge.py", line 121, in test_recharge
    self.assertEqual(expected['code'],res['code']),
    ^^^^^^^^^^^^^^^^^^^^^^^^^^^^^^^^^^^^^^^^^^^^^^
</pre>
                        

                            <pre>AssertionError: 2 != 1003
</pre>
                        
                        
                    </td>
                </tr>
            
                <tr>
                    <td>28</td>
                    <td class="TestRecharge">TestRecharge</td>
                    <td>test_recharge_009</td>
                    <td>充值金额小数点3位</td>
                    <td>0.258s</td>
                    
                        <td class="text-warning">失败</td>
                    
                    <td>
                        <button type="button" class="btn btn-success btn_info">查看详情</button>
                    </td>
                </tr>

                <tr class="test_log">

                    <td colspan="7" class="small text-muted" style=" word-wrap:break-word; word-break:break-all">
                        

                            <pre>用例执行前，用户余额： 908447.96
预期结果： {'code': 2, 'msg': '余额小数超过两位'}
实际结果： {'code': 1003, 'copyright': 'Copyright 柠檬班 © 2017-2020 湖南省零檬信息技术有限公司 All Rights Reserved', 'msg': '验签失败，缺少timestamp参数'}
用例执行后，用户余额： 908447.96
test_recharge_009 (test_03recharge.TestRecharge.test_recharge_009)执行——>【失败】
</pre>
                        

                            <pre>Traceback (most recent call last):
</pre>
                        

                            <pre>  File "D:\SYX\software\Language_environment\python\Lib\unittest\case.py", line 57, in testPartExecutor
    yield
</pre>
                        

                            <pre>  File "D:\SYX\software\Language_environment\python\Lib\unittest\case.py", line 623, in run
    self._callTestMethod(testMethod)
</pre>
                        

                            <pre>  File "D:\SYX\software\Language_environment\python\Lib\unittest\case.py", line 579, in _callTestMethod
    if method() is not None:
       ^^^^^^^^
</pre>
                        

                            <pre>  File "D:\SYX\software\Language_environment\python\Lib\site-packages\unittestreport\core\dataDriver.py", line 18, in wrapper
    return func(self, params, *args, **kwargs)
           ^^^^^^^^^^^^^^^^^^^^^^^^^^^^^^^^^^^
</pre>
                        

                            <pre>  File "D:\Pycharm_Program\Template_Files\program\program_2\testcases\test_03recharge.py", line 141, in test_recharge
    raise e
</pre>
                        

                            <pre>  File "D:\Pycharm_Program\Template_Files\program\program_2\testcases\test_03recharge.py", line 121, in test_recharge
    self.assertEqual(expected['code'],res['code']),
    ^^^^^^^^^^^^^^^^^^^^^^^^^^^^^^^^^^^^^^^^^^^^^^
</pre>
                        

                            <pre>AssertionError: 2 != 1003
</pre>
                        
                        
                    </td>
                </tr>
            
                <tr>
                    <td>29</td>
                    <td class="TestWithdraw">TestWithdraw</td>
                    <td>test_withdraw_001</td>
                    <td>提现成功—整数</td>
                    <td>0.252s</td>
                    
                        <td class="text-warning">失败</td>
                    
                    <td>
                        <button type="button" class="btn btn-success btn_info">查看详情</button>
                    </td>
                </tr>

                <tr class="test_log">

                    <td colspan="7" class="small text-muted" style=" word-wrap:break-word; word-break:break-all">
                        

                            <pre>取现前余额： 908447.96
预期结果： {'code': 0, 'msg': 'OK'}
实际结果： {'code': 1003, 'copyright': 'Copyright 柠檬班 © 2017-2020 湖南省零檬信息技术有限公司 All Rights Reserved', 'msg': '验签失败，缺少timestamp参数'}
取现后余额： 908447.96
test_withdraw_001 (test_04withdraw.TestWithdraw.test_withdraw_001)执行——>【失败】
</pre>
                        

                            <pre>Traceback (most recent call last):
</pre>
                        

                            <pre>  File "D:\SYX\software\Language_environment\python\Lib\unittest\case.py", line 57, in testPartExecutor
    yield
</pre>
                        

                            <pre>  File "D:\SYX\software\Language_environment\python\Lib\unittest\case.py", line 623, in run
    self._callTestMethod(testMethod)
</pre>
                        

                            <pre>  File "D:\SYX\software\Language_environment\python\Lib\unittest\case.py", line 579, in _callTestMethod
    if method() is not None:
       ^^^^^^^^
</pre>
                        

                            <pre>  File "D:\SYX\software\Language_environment\python\Lib\site-packages\unittestreport\core\dataDriver.py", line 18, in wrapper
    return func(self, params, *args, **kwargs)
           ^^^^^^^^^^^^^^^^^^^^^^^^^^^^^^^^^^^
</pre>
                        

                            <pre>  File "D:\Pycharm_Program\Template_Files\program\program_2\testcases\test_04withdraw.py", line 122, in test_withdraw
    raise e
</pre>
                        

                            <pre>  File "D:\Pycharm_Program\Template_Files\program\program_2\testcases\test_04withdraw.py", line 108, in test_withdraw
    self.assertEqual(expected['code'],res['code'])
</pre>
                        

                            <pre>AssertionError: 0 != 1003
</pre>
                        
                        
                    </td>
                </tr>
            
                <tr>
                    <td>30</td>
                    <td class="TestWithdraw">TestWithdraw</td>
                    <td>test_withdraw_002</td>
                    <td>提现成功—1位小数</td>
                    <td>0.255s</td>
                    
                        <td class="text-warning">失败</td>
                    
                    <td>
                        <button type="button" class="btn btn-success btn_info">查看详情</button>
                    </td>
                </tr>

                <tr class="test_log">

                    <td colspan="7" class="small text-muted" style=" word-wrap:break-word; word-break:break-all">
                        

                            <pre>取现前余额： 908447.96
预期结果： {'code': 0, 'msg': 'OK'}
实际结果： {'code': 1003, 'copyright': 'Copyright 柠檬班 © 2017-2020 湖南省零檬信息技术有限公司 All Rights Reserved', 'msg': '验签失败，缺少timestamp参数'}
取现后余额： 908447.96
test_withdraw_002 (test_04withdraw.TestWithdraw.test_withdraw_002)执行——>【失败】
</pre>
                        

                            <pre>Traceback (most recent call last):
</pre>
                        

                            <pre>  File "D:\SYX\software\Language_environment\python\Lib\unittest\case.py", line 57, in testPartExecutor
    yield
</pre>
                        

                            <pre>  File "D:\SYX\software\Language_environment\python\Lib\unittest\case.py", line 623, in run
    self._callTestMethod(testMethod)
</pre>
                        

                            <pre>  File "D:\SYX\software\Language_environment\python\Lib\unittest\case.py", line 579, in _callTestMethod
    if method() is not None:
       ^^^^^^^^
</pre>
                        

                            <pre>  File "D:\SYX\software\Language_environment\python\Lib\site-packages\unittestreport\core\dataDriver.py", line 18, in wrapper
    return func(self, params, *args, **kwargs)
           ^^^^^^^^^^^^^^^^^^^^^^^^^^^^^^^^^^^
</pre>
                        

                            <pre>  File "D:\Pycharm_Program\Template_Files\program\program_2\testcases\test_04withdraw.py", line 122, in test_withdraw
    raise e
</pre>
                        

                            <pre>  File "D:\Pycharm_Program\Template_Files\program\program_2\testcases\test_04withdraw.py", line 108, in test_withdraw
    self.assertEqual(expected['code'],res['code'])
</pre>
                        

                            <pre>AssertionError: 0 != 1003
</pre>
                        
                        
                    </td>
                </tr>
            
                <tr>
                    <td>31</td>
                    <td class="TestWithdraw">TestWithdraw</td>
                    <td>test_withdraw_003</td>
                    <td>提现成功—2位小数</td>
                    <td>0.251s</td>
                    
                        <td class="text-warning">失败</td>
                    
                    <td>
                        <button type="button" class="btn btn-success btn_info">查看详情</button>
                    </td>
                </tr>

                <tr class="test_log">

                    <td colspan="7" class="small text-muted" style=" word-wrap:break-word; word-break:break-all">
                        

                            <pre>取现前余额： 908447.96
预期结果： {'code': 0, 'msg': 'OK'}
实际结果： {'code': 1003, 'copyright': 'Copyright 柠檬班 © 2017-2020 湖南省零檬信息技术有限公司 All Rights Reserved', 'msg': '验签失败，缺少timestamp参数'}
取现后余额： 908447.96
test_withdraw_003 (test_04withdraw.TestWithdraw.test_withdraw_003)执行——>【失败】
</pre>
                        

                            <pre>Traceback (most recent call last):
</pre>
                        

                            <pre>  File "D:\SYX\software\Language_environment\python\Lib\unittest\case.py", line 57, in testPartExecutor
    yield
</pre>
                        

                            <pre>  File "D:\SYX\software\Language_environment\python\Lib\unittest\case.py", line 623, in run
    self._callTestMethod(testMethod)
</pre>
                        

                            <pre>  File "D:\SYX\software\Language_environment\python\Lib\unittest\case.py", line 579, in _callTestMethod
    if method() is not None:
       ^^^^^^^^
</pre>
                        

                            <pre>  File "D:\SYX\software\Language_environment\python\Lib\site-packages\unittestreport\core\dataDriver.py", line 18, in wrapper
    return func(self, params, *args, **kwargs)
           ^^^^^^^^^^^^^^^^^^^^^^^^^^^^^^^^^^^
</pre>
                        

                            <pre>  File "D:\Pycharm_Program\Template_Files\program\program_2\testcases\test_04withdraw.py", line 122, in test_withdraw
    raise e
</pre>
                        

                            <pre>  File "D:\Pycharm_Program\Template_Files\program\program_2\testcases\test_04withdraw.py", line 108, in test_withdraw
    self.assertEqual(expected['code'],res['code'])
</pre>
                        

                            <pre>AssertionError: 0 != 1003
</pre>
                        
                        
                    </td>
                </tr>
            
                <tr>
                    <td>32</td>
                    <td class="TestWithdraw">TestWithdraw</td>
                    <td>test_withdraw_004</td>
                    <td>提现成功—50万</td>
                    <td>0.256s</td>
                    
                        <td class="text-warning">失败</td>
                    
                    <td>
                        <button type="button" class="btn btn-success btn_info">查看详情</button>
                    </td>
                </tr>

                <tr class="test_log">

                    <td colspan="7" class="small text-muted" style=" word-wrap:break-word; word-break:break-all">
                        

                            <pre>取现前余额： 908447.96
预期结果： {'code': 0, 'msg': 'OK'}
实际结果： {'code': 1003, 'copyright': 'Copyright 柠檬班 © 2017-2020 湖南省零檬信息技术有限公司 All Rights Reserved', 'msg': '验签失败，缺少timestamp参数'}
取现后余额： 908447.96
test_withdraw_004 (test_04withdraw.TestWithdraw.test_withdraw_004)执行——>【失败】
</pre>
                        

                            <pre>Traceback (most recent call last):
</pre>
                        

                            <pre>  File "D:\SYX\software\Language_environment\python\Lib\unittest\case.py", line 57, in testPartExecutor
    yield
</pre>
                        

                            <pre>  File "D:\SYX\software\Language_environment\python\Lib\unittest\case.py", line 623, in run
    self._callTestMethod(testMethod)
</pre>
                        

                            <pre>  File "D:\SYX\software\Language_environment\python\Lib\unittest\case.py", line 579, in _callTestMethod
    if method() is not None:
       ^^^^^^^^
</pre>
                        

                            <pre>  File "D:\SYX\software\Language_environment\python\Lib\site-packages\unittestreport\core\dataDriver.py", line 18, in wrapper
    return func(self, params, *args, **kwargs)
           ^^^^^^^^^^^^^^^^^^^^^^^^^^^^^^^^^^^
</pre>
                        

                            <pre>  File "D:\Pycharm_Program\Template_Files\program\program_2\testcases\test_04withdraw.py", line 122, in test_withdraw
    raise e
</pre>
                        

                            <pre>  File "D:\Pycharm_Program\Template_Files\program\program_2\testcases\test_04withdraw.py", line 108, in test_withdraw
    self.assertEqual(expected['code'],res['code'])
</pre>
                        

                            <pre>AssertionError: 0 != 1003
</pre>
                        
                        
                    </td>
                </tr>
            
                <tr>
                    <td>33</td>
                    <td class="TestWithdraw">TestWithdraw</td>
                    <td>test_withdraw_005</td>
                    <td>会员ID为空</td>
                    <td>0.255s</td>
                    
                        <td class="text-warning">失败</td>
                    
                    <td>
                        <button type="button" class="btn btn-success btn_info">查看详情</button>
                    </td>
                </tr>

                <tr class="test_log">

                    <td colspan="7" class="small text-muted" style=" word-wrap:break-word; word-break:break-all">
                        

                            <pre>取现前余额： 908447.96
预期结果： {'code': 1, 'msg': '会员id为空'}
实际结果： {'code': 1003, 'copyright': 'Copyright 柠檬班 © 2017-2020 湖南省零檬信息技术有限公司 All Rights Reserved', 'msg': '验签失败，缺少timestamp参数'}
取现后余额： 908447.96
test_withdraw_005 (test_04withdraw.TestWithdraw.test_withdraw_005)执行——>【失败】
</pre>
                        

                            <pre>Traceback (most recent call last):
</pre>
                        

                            <pre>  File "D:\SYX\software\Language_environment\python\Lib\unittest\case.py", line 57, in testPartExecutor
    yield
</pre>
                        

                            <pre>  File "D:\SYX\software\Language_environment\python\Lib\unittest\case.py", line 623, in run
    self._callTestMethod(testMethod)
</pre>
                        

                            <pre>  File "D:\SYX\software\Language_environment\python\Lib\unittest\case.py", line 579, in _callTestMethod
    if method() is not None:
       ^^^^^^^^
</pre>
                        

                            <pre>  File "D:\SYX\software\Language_environment\python\Lib\site-packages\unittestreport\core\dataDriver.py", line 18, in wrapper
    return func(self, params, *args, **kwargs)
           ^^^^^^^^^^^^^^^^^^^^^^^^^^^^^^^^^^^
</pre>
                        

                            <pre>  File "D:\Pycharm_Program\Template_Files\program\program_2\testcases\test_04withdraw.py", line 122, in test_withdraw
    raise e
</pre>
                        

                            <pre>  File "D:\Pycharm_Program\Template_Files\program\program_2\testcases\test_04withdraw.py", line 108, in test_withdraw
    self.assertEqual(expected['code'],res['code'])
</pre>
                        

                            <pre>AssertionError: 1 != 1003
</pre>
                        
                        
                    </td>
                </tr>
            
                <tr>
                    <td>34</td>
                    <td class="TestWithdraw">TestWithdraw</td>
                    <td>test_withdraw_006</td>
                    <td>会员ID为小数</td>
                    <td>0.255s</td>
                    
                        <td class="text-warning">失败</td>
                    
                    <td>
                        <button type="button" class="btn btn-success btn_info">查看详情</button>
                    </td>
                </tr>

                <tr class="test_log">

                    <td colspan="7" class="small text-muted" style=" word-wrap:break-word; word-break:break-all">
                        

                            <pre>取现前余额： 908447.96
预期结果： {'code': 2, 'msg': '数值参数格式不正确'}
实际结果： {'code': 1003, 'copyright': 'Copyright 柠檬班 © 2017-2020 湖南省零檬信息技术有限公司 All Rights Reserved', 'msg': '验签失败，缺少timestamp参数'}
取现后余额： 908447.96
test_withdraw_006 (test_04withdraw.TestWithdraw.test_withdraw_006)执行——>【失败】
</pre>
                        

                            <pre>Traceback (most recent call last):
</pre>
                        

                            <pre>  File "D:\SYX\software\Language_environment\python\Lib\unittest\case.py", line 57, in testPartExecutor
    yield
</pre>
                        

                            <pre>  File "D:\SYX\software\Language_environment\python\Lib\unittest\case.py", line 623, in run
    self._callTestMethod(testMethod)
</pre>
                        

                            <pre>  File "D:\SYX\software\Language_environment\python\Lib\unittest\case.py", line 579, in _callTestMethod
    if method() is not None:
       ^^^^^^^^
</pre>
                        

                            <pre>  File "D:\SYX\software\Language_environment\python\Lib\site-packages\unittestreport\core\dataDriver.py", line 18, in wrapper
    return func(self, params, *args, **kwargs)
           ^^^^^^^^^^^^^^^^^^^^^^^^^^^^^^^^^^^
</pre>
                        

                            <pre>  File "D:\Pycharm_Program\Template_Files\program\program_2\testcases\test_04withdraw.py", line 122, in test_withdraw
    raise e
</pre>
                        

                            <pre>  File "D:\Pycharm_Program\Template_Files\program\program_2\testcases\test_04withdraw.py", line 108, in test_withdraw
    self.assertEqual(expected['code'],res['code'])
</pre>
                        

                            <pre>AssertionError: 2 != 1003
</pre>
                        
                        
                    </td>
                </tr>
            
                <tr>
                    <td>35</td>
                    <td class="TestWithdraw">TestWithdraw</td>
                    <td>test_withdraw_007</td>
                    <td>提现金额为0</td>
                    <td>0.28s</td>
                    
                        <td class="text-warning">失败</td>
                    
                    <td>
                        <button type="button" class="btn btn-success btn_info">查看详情</button>
                    </td>
                </tr>

                <tr class="test_log">

                    <td colspan="7" class="small text-muted" style=" word-wrap:break-word; word-break:break-all">
                        

                            <pre>取现前余额： 908447.96
预期结果： {'code': 0, 'msg': 'OK'}
实际结果： {'code': 1003, 'copyright': 'Copyright 柠檬班 © 2017-2020 湖南省零檬信息技术有限公司 All Rights Reserved', 'msg': '验签失败，缺少timestamp参数'}
取现后余额： 908447.96
test_withdraw_007 (test_04withdraw.TestWithdraw.test_withdraw_007)执行——>【失败】
</pre>
                        

                            <pre>Traceback (most recent call last):
</pre>
                        

                            <pre>  File "D:\SYX\software\Language_environment\python\Lib\unittest\case.py", line 57, in testPartExecutor
    yield
</pre>
                        

                            <pre>  File "D:\SYX\software\Language_environment\python\Lib\unittest\case.py", line 623, in run
    self._callTestMethod(testMethod)
</pre>
                        

                            <pre>  File "D:\SYX\software\Language_environment\python\Lib\unittest\case.py", line 579, in _callTestMethod
    if method() is not None:
       ^^^^^^^^
</pre>
                        

                            <pre>  File "D:\SYX\software\Language_environment\python\Lib\site-packages\unittestreport\core\dataDriver.py", line 18, in wrapper
    return func(self, params, *args, **kwargs)
           ^^^^^^^^^^^^^^^^^^^^^^^^^^^^^^^^^^^
</pre>
                        

                            <pre>  File "D:\Pycharm_Program\Template_Files\program\program_2\testcases\test_04withdraw.py", line 122, in test_withdraw
    raise e
</pre>
                        

                            <pre>  File "D:\Pycharm_Program\Template_Files\program\program_2\testcases\test_04withdraw.py", line 108, in test_withdraw
    self.assertEqual(expected['code'],res['code'])
</pre>
                        

                            <pre>AssertionError: 0 != 1003
</pre>
                        
                        
                    </td>
                </tr>
            
                <tr>
                    <td>36</td>
                    <td class="TestWithdraw">TestWithdraw</td>
                    <td>test_withdraw_008</td>
                    <td>提现金额为负数</td>
                    <td>0.253s</td>
                    
                        <td class="text-warning">失败</td>
                    
                    <td>
                        <button type="button" class="btn btn-success btn_info">查看详情</button>
                    </td>
                </tr>

                <tr class="test_log">

                    <td colspan="7" class="small text-muted" style=" word-wrap:break-word; word-break:break-all">
                        

                            <pre>取现前余额： 908447.96
预期结果： {'code': 2, 'msg': '余额必须大于0并且小于或者等于5000000'}
实际结果： {'code': 1003, 'copyright': 'Copyright 柠檬班 © 2017-2020 湖南省零檬信息技术有限公司 All Rights Reserved', 'msg': '验签失败，缺少timestamp参数'}
取现后余额： 908447.96
test_withdraw_008 (test_04withdraw.TestWithdraw.test_withdraw_008)执行——>【失败】
</pre>
                        

                            <pre>Traceback (most recent call last):
</pre>
                        

                            <pre>  File "D:\SYX\software\Language_environment\python\Lib\unittest\case.py", line 57, in testPartExecutor
    yield
</pre>
                        

                            <pre>  File "D:\SYX\software\Language_environment\python\Lib\unittest\case.py", line 623, in run
    self._callTestMethod(testMethod)
</pre>
                        

                            <pre>  File "D:\SYX\software\Language_environment\python\Lib\unittest\case.py", line 579, in _callTestMethod
    if method() is not None:
       ^^^^^^^^
</pre>
                        

                            <pre>  File "D:\SYX\software\Language_environment\python\Lib\site-packages\unittestreport\core\dataDriver.py", line 18, in wrapper
    return func(self, params, *args, **kwargs)
           ^^^^^^^^^^^^^^^^^^^^^^^^^^^^^^^^^^^
</pre>
                        

                            <pre>  File "D:\Pycharm_Program\Template_Files\program\program_2\testcases\test_04withdraw.py", line 122, in test_withdraw
    raise e
</pre>
                        

                            <pre>  File "D:\Pycharm_Program\Template_Files\program\program_2\testcases\test_04withdraw.py", line 108, in test_withdraw
    self.assertEqual(expected['code'],res['code'])
</pre>
                        

                            <pre>AssertionError: 2 != 1003
</pre>
                        
                        
                    </td>
                </tr>
            
                <tr>
                    <td>37</td>
                    <td class="TestWithdraw">TestWithdraw</td>
                    <td>test_withdraw_009</td>
                    <td>提现金额为空</td>
                    <td>0.251s</td>
                    
                        <td class="text-warning">失败</td>
                    
                    <td>
                        <button type="button" class="btn btn-success btn_info">查看详情</button>
                    </td>
                </tr>

                <tr class="test_log">

                    <td colspan="7" class="small text-muted" style=" word-wrap:break-word; word-break:break-all">
                        

                            <pre>取现前余额： 908447.96
预期结果： {'code': 1, 'msg': '余额为空'}
实际结果： {'code': 1003, 'copyright': 'Copyright 柠檬班 © 2017-2020 湖南省零檬信息技术有限公司 All Rights Reserved', 'msg': '验签失败，缺少timestamp参数'}
取现后余额： 908447.96
test_withdraw_009 (test_04withdraw.TestWithdraw.test_withdraw_009)执行——>【失败】
</pre>
                        

                            <pre>Traceback (most recent call last):
</pre>
                        

                            <pre>  File "D:\SYX\software\Language_environment\python\Lib\unittest\case.py", line 57, in testPartExecutor
    yield
</pre>
                        

                            <pre>  File "D:\SYX\software\Language_environment\python\Lib\unittest\case.py", line 623, in run
    self._callTestMethod(testMethod)
</pre>
                        

                            <pre>  File "D:\SYX\software\Language_environment\python\Lib\unittest\case.py", line 579, in _callTestMethod
    if method() is not None:
       ^^^^^^^^
</pre>
                        

                            <pre>  File "D:\SYX\software\Language_environment\python\Lib\site-packages\unittestreport\core\dataDriver.py", line 18, in wrapper
    return func(self, params, *args, **kwargs)
           ^^^^^^^^^^^^^^^^^^^^^^^^^^^^^^^^^^^
</pre>
                        

                            <pre>  File "D:\Pycharm_Program\Template_Files\program\program_2\testcases\test_04withdraw.py", line 122, in test_withdraw
    raise e
</pre>
                        

                            <pre>  File "D:\Pycharm_Program\Template_Files\program\program_2\testcases\test_04withdraw.py", line 108, in test_withdraw
    self.assertEqual(expected['code'],res['code'])
</pre>
                        

                            <pre>AssertionError: 1 != 1003
</pre>
                        
                        
                    </td>
                </tr>
            
                <tr>
                    <td>38</td>
                    <td class="TestWithdraw">TestWithdraw</td>
                    <td>test_withdraw_010</td>
                    <td>提现金额-3位小数</td>
                    <td>0.26s</td>
                    
                        <td class="text-warning">失败</td>
                    
                    <td>
                        <button type="button" class="btn btn-success btn_info">查看详情</button>
                    </td>
                </tr>

                <tr class="test_log">

                    <td colspan="7" class="small text-muted" style=" word-wrap:break-word; word-break:break-all">
                        

                            <pre>取现前余额： 908447.96
预期结果： {'code': 2, 'msg': '余额小数超过两位'}
实际结果： {'code': 1003, 'copyright': 'Copyright 柠檬班 © 2017-2020 湖南省零檬信息技术有限公司 All Rights Reserved', 'msg': '验签失败，缺少timestamp参数'}
取现后余额： 908447.96
test_withdraw_010 (test_04withdraw.TestWithdraw.test_withdraw_010)执行——>【失败】
</pre>
                        

                            <pre>Traceback (most recent call last):
</pre>
                        

                            <pre>  File "D:\SYX\software\Language_environment\python\Lib\unittest\case.py", line 57, in testPartExecutor
    yield
</pre>
                        

                            <pre>  File "D:\SYX\software\Language_environment\python\Lib\unittest\case.py", line 623, in run
    self._callTestMethod(testMethod)
</pre>
                        

                            <pre>  File "D:\SYX\software\Language_environment\python\Lib\unittest\case.py", line 579, in _callTestMethod
    if method() is not None:
       ^^^^^^^^
</pre>
                        

                            <pre>  File "D:\SYX\software\Language_environment\python\Lib\site-packages\unittestreport\core\dataDriver.py", line 18, in wrapper
    return func(self, params, *args, **kwargs)
           ^^^^^^^^^^^^^^^^^^^^^^^^^^^^^^^^^^^
</pre>
                        

                            <pre>  File "D:\Pycharm_Program\Template_Files\program\program_2\testcases\test_04withdraw.py", line 122, in test_withdraw
    raise e
</pre>
                        

                            <pre>  File "D:\Pycharm_Program\Template_Files\program\program_2\testcases\test_04withdraw.py", line 108, in test_withdraw
    self.assertEqual(expected['code'],res['code'])
</pre>
                        

                            <pre>AssertionError: 2 != 1003
</pre>
                        
                        
                    </td>
                </tr>
            
                <tr>
                    <td>39</td>
                    <td class="TestWithdraw">TestWithdraw</td>
                    <td>test_withdraw_011</td>
                    <td>提现金额-大于50万</td>
                    <td>0.256s</td>
                    
                        <td class="text-warning">失败</td>
                    
                    <td>
                        <button type="button" class="btn btn-success btn_info">查看详情</button>
                    </td>
                </tr>

                <tr class="test_log">

                    <td colspan="7" class="small text-muted" style=" word-wrap:break-word; word-break:break-all">
                        

                            <pre>取现前余额： 908447.96
预期结果： {'code': 2, 'msg': '余额必须大于0并且小于或者等于5000000'}
实际结果： {'code': 1003, 'copyright': 'Copyright 柠檬班 © 2017-2020 湖南省零檬信息技术有限公司 All Rights Reserved', 'msg': '验签失败，缺少timestamp参数'}
取现后余额： 908447.96
test_withdraw_011 (test_04withdraw.TestWithdraw.test_withdraw_011)执行——>【失败】
</pre>
                        

                            <pre>Traceback (most recent call last):
</pre>
                        

                            <pre>  File "D:\SYX\software\Language_environment\python\Lib\unittest\case.py", line 57, in testPartExecutor
    yield
</pre>
                        

                            <pre>  File "D:\SYX\software\Language_environment\python\Lib\unittest\case.py", line 623, in run
    self._callTestMethod(testMethod)
</pre>
                        

                            <pre>  File "D:\SYX\software\Language_environment\python\Lib\unittest\case.py", line 579, in _callTestMethod
    if method() is not None:
       ^^^^^^^^
</pre>
                        

                            <pre>  File "D:\SYX\software\Language_environment\python\Lib\site-packages\unittestreport\core\dataDriver.py", line 18, in wrapper
    return func(self, params, *args, **kwargs)
           ^^^^^^^^^^^^^^^^^^^^^^^^^^^^^^^^^^^
</pre>
                        

                            <pre>  File "D:\Pycharm_Program\Template_Files\program\program_2\testcases\test_04withdraw.py", line 122, in test_withdraw
    raise e
</pre>
                        

                            <pre>  File "D:\Pycharm_Program\Template_Files\program\program_2\testcases\test_04withdraw.py", line 108, in test_withdraw
    self.assertEqual(expected['code'],res['code'])
</pre>
                        

                            <pre>AssertionError: 2 != 1003
</pre>
                        
                        
                    </td>
                </tr>
            
                <tr>
                    <td>40</td>
                    <td class="TestWithdraw">TestWithdraw</td>
                    <td>test_withdraw_012</td>
                    <td>提现金额-非数字</td>
                    <td>0.256s</td>
                    
                        <td class="text-warning">失败</td>
                    
                    <td>
                        <button type="button" class="btn btn-success btn_info">查看详情</button>
                    </td>
                </tr>

                <tr class="test_log">

                    <td colspan="7" class="small text-muted" style=" word-wrap:break-word; word-break:break-all">
                        

                            <pre>取现前余额： 908447.96
预期结果： {'code': 2, 'msg': '数值参数格式不正确'}
实际结果： {'code': 1003, 'copyright': 'Copyright 柠檬班 © 2017-2020 湖南省零檬信息技术有限公司 All Rights Reserved', 'msg': '验签失败，缺少timestamp参数'}
取现后余额： 908447.96
test_withdraw_012 (test_04withdraw.TestWithdraw.test_withdraw_012)执行——>【失败】
</pre>
                        

                            <pre>Traceback (most recent call last):
</pre>
                        

                            <pre>  File "D:\SYX\software\Language_environment\python\Lib\unittest\case.py", line 57, in testPartExecutor
    yield
</pre>
                        

                            <pre>  File "D:\SYX\software\Language_environment\python\Lib\unittest\case.py", line 623, in run
    self._callTestMethod(testMethod)
</pre>
                        

                            <pre>  File "D:\SYX\software\Language_environment\python\Lib\unittest\case.py", line 579, in _callTestMethod
    if method() is not None:
       ^^^^^^^^
</pre>
                        

                            <pre>  File "D:\SYX\software\Language_environment\python\Lib\site-packages\unittestreport\core\dataDriver.py", line 18, in wrapper
    return func(self, params, *args, **kwargs)
           ^^^^^^^^^^^^^^^^^^^^^^^^^^^^^^^^^^^
</pre>
                        

                            <pre>  File "D:\Pycharm_Program\Template_Files\program\program_2\testcases\test_04withdraw.py", line 122, in test_withdraw
    raise e
</pre>
                        

                            <pre>  File "D:\Pycharm_Program\Template_Files\program\program_2\testcases\test_04withdraw.py", line 108, in test_withdraw
    self.assertEqual(expected['code'],res['code'])
</pre>
                        

                            <pre>AssertionError: 2 != 1003
</pre>
                        
                        
                    </td>
                </tr>
            
                <tr>
                    <td>41</td>
                    <td class="TestAdd">TestAdd</td>
                    <td>test_add_001</td>
                    <td>加标成功</td>
                    <td>0.25s</td>
                    
                        <td class="text-warning">失败</td>
                    
                    <td>
                        <button type="button" class="btn btn-success btn_info">查看详情</button>
                    </td>
                </tr>

                <tr class="test_log">

                    <td colspan="7" class="small text-muted" style=" word-wrap:break-word; word-break:break-all">
                        

                            <pre>请求前项目数： 283
预期结果： {'code': 0, 'msg': 'OK'}
实际结果： {'code': 1003, 'copyright': 'Copyright 柠檬班 © 2017-2020 湖南省零檬信息技术有限公司 All Rights Reserved', 'msg': '验签失败，缺少timestamp参数'}
请求后项目数： 283
test_add_001 (test_05add.TestAdd.test_add_001)执行——>【失败】
</pre>
                        

                            <pre>Traceback (most recent call last):
</pre>
                        

                            <pre>  File "D:\SYX\software\Language_environment\python\Lib\unittest\case.py", line 57, in testPartExecutor
    yield
</pre>
                        

                            <pre>  File "D:\SYX\software\Language_environment\python\Lib\unittest\case.py", line 623, in run
    self._callTestMethod(testMethod)
</pre>
                        

                            <pre>  File "D:\SYX\software\Language_environment\python\Lib\unittest\case.py", line 579, in _callTestMethod
    if method() is not None:
       ^^^^^^^^
</pre>
                        

                            <pre>  File "D:\SYX\software\Language_environment\python\Lib\site-packages\unittestreport\core\dataDriver.py", line 18, in wrapper
    return func(self, params, *args, **kwargs)
           ^^^^^^^^^^^^^^^^^^^^^^^^^^^^^^^^^^^
</pre>
                        

                            <pre>  File "D:\Pycharm_Program\Template_Files\program\program_2\testcases\test_05add.py", line 119, in test_add
    raise e
</pre>
                        

                            <pre>  File "D:\Pycharm_Program\Template_Files\program\program_2\testcases\test_05add.py", line 102, in test_add
    self.assertEqual(expected['code'],res['code'])
</pre>
                        

                            <pre>AssertionError: 0 != 1003
</pre>
                        
                        
                    </td>
                </tr>
            
                <tr>
                    <td>42</td>
                    <td class="TestAdd">TestAdd</td>
                    <td>test_add_002</td>
                    <td>加标失败-用户id为空</td>
                    <td>0.238s</td>
                    
                        <td class="text-warning">失败</td>
                    
                    <td>
                        <button type="button" class="btn btn-success btn_info">查看详情</button>
                    </td>
                </tr>

                <tr class="test_log">

                    <td colspan="7" class="small text-muted" style=" word-wrap:break-word; word-break:break-all">
                        

                            <pre>请求前项目数： 283
预期结果： {'code': 1, 'msg': '用户id为空'}
实际结果： {'code': 1003, 'copyright': 'Copyright 柠檬班 © 2017-2020 湖南省零檬信息技术有限公司 All Rights Reserved', 'msg': '验签失败，缺少timestamp参数'}
请求后项目数： 283
test_add_002 (test_05add.TestAdd.test_add_002)执行——>【失败】
</pre>
                        

                            <pre>Traceback (most recent call last):
</pre>
                        

                            <pre>  File "D:\SYX\software\Language_environment\python\Lib\unittest\case.py", line 57, in testPartExecutor
    yield
</pre>
                        

                            <pre>  File "D:\SYX\software\Language_environment\python\Lib\unittest\case.py", line 623, in run
    self._callTestMethod(testMethod)
</pre>
                        

                            <pre>  File "D:\SYX\software\Language_environment\python\Lib\unittest\case.py", line 579, in _callTestMethod
    if method() is not None:
       ^^^^^^^^
</pre>
                        

                            <pre>  File "D:\SYX\software\Language_environment\python\Lib\site-packages\unittestreport\core\dataDriver.py", line 18, in wrapper
    return func(self, params, *args, **kwargs)
           ^^^^^^^^^^^^^^^^^^^^^^^^^^^^^^^^^^^
</pre>
                        

                            <pre>  File "D:\Pycharm_Program\Template_Files\program\program_2\testcases\test_05add.py", line 119, in test_add
    raise e
</pre>
                        

                            <pre>  File "D:\Pycharm_Program\Template_Files\program\program_2\testcases\test_05add.py", line 102, in test_add
    self.assertEqual(expected['code'],res['code'])
</pre>
                        

                            <pre>AssertionError: 1 != 1003
</pre>
                        
                        
                    </td>
                </tr>
            
                <tr>
                    <td>43</td>
                    <td class="TestAdd">TestAdd</td>
                    <td>test_add_003</td>
                    <td>加标失败-标题为空</td>
                    <td>0.243s</td>
                    
                        <td class="text-warning">失败</td>
                    
                    <td>
                        <button type="button" class="btn btn-success btn_info">查看详情</button>
                    </td>
                </tr>

                <tr class="test_log">

                    <td colspan="7" class="small text-muted" style=" word-wrap:break-word; word-break:break-all">
                        

                            <pre>请求前项目数： 283
预期结果： {'code': 1, 'msg': '标题为空'}
实际结果： {'code': 1003, 'copyright': 'Copyright 柠檬班 © 2017-2020 湖南省零檬信息技术有限公司 All Rights Reserved', 'msg': '验签失败，缺少timestamp参数'}
请求后项目数： 283
test_add_003 (test_05add.TestAdd.test_add_003)执行——>【失败】
</pre>
                        

                            <pre>Traceback (most recent call last):
</pre>
                        

                            <pre>  File "D:\SYX\software\Language_environment\python\Lib\unittest\case.py", line 57, in testPartExecutor
    yield
</pre>
                        

                            <pre>  File "D:\SYX\software\Language_environment\python\Lib\unittest\case.py", line 623, in run
    self._callTestMethod(testMethod)
</pre>
                        

                            <pre>  File "D:\SYX\software\Language_environment\python\Lib\unittest\case.py", line 579, in _callTestMethod
    if method() is not None:
       ^^^^^^^^
</pre>
                        

                            <pre>  File "D:\SYX\software\Language_environment\python\Lib\site-packages\unittestreport\core\dataDriver.py", line 18, in wrapper
    return func(self, params, *args, **kwargs)
           ^^^^^^^^^^^^^^^^^^^^^^^^^^^^^^^^^^^
</pre>
                        

                            <pre>  File "D:\Pycharm_Program\Template_Files\program\program_2\testcases\test_05add.py", line 119, in test_add
    raise e
</pre>
                        

                            <pre>  File "D:\Pycharm_Program\Template_Files\program\program_2\testcases\test_05add.py", line 102, in test_add
    self.assertEqual(expected['code'],res['code'])
</pre>
                        

                            <pre>AssertionError: 1 != 1003
</pre>
                        
                        
                    </td>
                </tr>
            
                <tr>
                    <td>44</td>
                    <td class="TestAdd">TestAdd</td>
                    <td>test_add_004</td>
                    <td>加标失败-借款金额为空</td>
                    <td>0.234s</td>
                    
                        <td class="text-warning">失败</td>
                    
                    <td>
                        <button type="button" class="btn btn-success btn_info">查看详情</button>
                    </td>
                </tr>

                <tr class="test_log">

                    <td colspan="7" class="small text-muted" style=" word-wrap:break-word; word-break:break-all">
                        

                            <pre>请求前项目数： 283
预期结果： {'code': 1, 'msg': '借款金额为空'}
实际结果： {'code': 1003, 'copyright': 'Copyright 柠檬班 © 2017-2020 湖南省零檬信息技术有限公司 All Rights Reserved', 'msg': '验签失败，缺少timestamp参数'}
请求后项目数： 283
test_add_004 (test_05add.TestAdd.test_add_004)执行——>【失败】
</pre>
                        

                            <pre>Traceback (most recent call last):
</pre>
                        

                            <pre>  File "D:\SYX\software\Language_environment\python\Lib\unittest\case.py", line 57, in testPartExecutor
    yield
</pre>
                        

                            <pre>  File "D:\SYX\software\Language_environment\python\Lib\unittest\case.py", line 623, in run
    self._callTestMethod(testMethod)
</pre>
                        

                            <pre>  File "D:\SYX\software\Language_environment\python\Lib\unittest\case.py", line 579, in _callTestMethod
    if method() is not None:
       ^^^^^^^^
</pre>
                        

                            <pre>  File "D:\SYX\software\Language_environment\python\Lib\site-packages\unittestreport\core\dataDriver.py", line 18, in wrapper
    return func(self, params, *args, **kwargs)
           ^^^^^^^^^^^^^^^^^^^^^^^^^^^^^^^^^^^
</pre>
                        

                            <pre>  File "D:\Pycharm_Program\Template_Files\program\program_2\testcases\test_05add.py", line 119, in test_add
    raise e
</pre>
                        

                            <pre>  File "D:\Pycharm_Program\Template_Files\program\program_2\testcases\test_05add.py", line 102, in test_add
    self.assertEqual(expected['code'],res['code'])
</pre>
                        

                            <pre>AssertionError: 1 != 1003
</pre>
                        
                        
                    </td>
                </tr>
            
                <tr>
                    <td>45</td>
                    <td class="TestAdd">TestAdd</td>
                    <td>test_add_005</td>
                    <td>加标失败-利率为空</td>
                    <td>0.233s</td>
                    
                        <td class="text-warning">失败</td>
                    
                    <td>
                        <button type="button" class="btn btn-success btn_info">查看详情</button>
                    </td>
                </tr>

                <tr class="test_log">

                    <td colspan="7" class="small text-muted" style=" word-wrap:break-word; word-break:break-all">
                        

                            <pre>请求前项目数： 283
预期结果： {'code': 1, 'msg': '利率为空'}
实际结果： {'code': 1003, 'copyright': 'Copyright 柠檬班 © 2017-2020 湖南省零檬信息技术有限公司 All Rights Reserved', 'msg': '验签失败，缺少timestamp参数'}
请求后项目数： 283
test_add_005 (test_05add.TestAdd.test_add_005)执行——>【失败】
</pre>
                        

                            <pre>Traceback (most recent call last):
</pre>
                        

                            <pre>  File "D:\SYX\software\Language_environment\python\Lib\unittest\case.py", line 57, in testPartExecutor
    yield
</pre>
                        

                            <pre>  File "D:\SYX\software\Language_environment\python\Lib\unittest\case.py", line 623, in run
    self._callTestMethod(testMethod)
</pre>
                        

                            <pre>  File "D:\SYX\software\Language_environment\python\Lib\unittest\case.py", line 579, in _callTestMethod
    if method() is not None:
       ^^^^^^^^
</pre>
                        

                            <pre>  File "D:\SYX\software\Language_environment\python\Lib\site-packages\unittestreport\core\dataDriver.py", line 18, in wrapper
    return func(self, params, *args, **kwargs)
           ^^^^^^^^^^^^^^^^^^^^^^^^^^^^^^^^^^^
</pre>
                        

                            <pre>  File "D:\Pycharm_Program\Template_Files\program\program_2\testcases\test_05add.py", line 119, in test_add
    raise e
</pre>
                        

                            <pre>  File "D:\Pycharm_Program\Template_Files\program\program_2\testcases\test_05add.py", line 102, in test_add
    self.assertEqual(expected['code'],res['code'])
</pre>
                        

                            <pre>AssertionError: 1 != 1003
</pre>
                        
                        
                    </td>
                </tr>
            
                <tr>
                    <td>46</td>
                    <td class="TestAdd">TestAdd</td>
                    <td>test_add_006</td>
                    <td>加标失败-借款期限为空</td>
                    <td>0.231s</td>
                    
                        <td class="text-warning">失败</td>
                    
                    <td>
                        <button type="button" class="btn btn-success btn_info">查看详情</button>
                    </td>
                </tr>

                <tr class="test_log">

                    <td colspan="7" class="small text-muted" style=" word-wrap:break-word; word-break:break-all">
                        

                            <pre>请求前项目数： 283
预期结果： {'code': 1, 'msg': '借款期限为空'}
实际结果： {'code': 1003, 'copyright': 'Copyright 柠檬班 © 2017-2020 湖南省零檬信息技术有限公司 All Rights Reserved', 'msg': '验签失败，缺少timestamp参数'}
请求后项目数： 283
test_add_006 (test_05add.TestAdd.test_add_006)执行——>【失败】
</pre>
                        

                            <pre>Traceback (most recent call last):
</pre>
                        

                            <pre>  File "D:\SYX\software\Language_environment\python\Lib\unittest\case.py", line 57, in testPartExecutor
    yield
</pre>
                        

                            <pre>  File "D:\SYX\software\Language_environment\python\Lib\unittest\case.py", line 623, in run
    self._callTestMethod(testMethod)
</pre>
                        

                            <pre>  File "D:\SYX\software\Language_environment\python\Lib\unittest\case.py", line 579, in _callTestMethod
    if method() is not None:
       ^^^^^^^^
</pre>
                        

                            <pre>  File "D:\SYX\software\Language_environment\python\Lib\site-packages\unittestreport\core\dataDriver.py", line 18, in wrapper
    return func(self, params, *args, **kwargs)
           ^^^^^^^^^^^^^^^^^^^^^^^^^^^^^^^^^^^
</pre>
                        

                            <pre>  File "D:\Pycharm_Program\Template_Files\program\program_2\testcases\test_05add.py", line 119, in test_add
    raise e
</pre>
                        

                            <pre>  File "D:\Pycharm_Program\Template_Files\program\program_2\testcases\test_05add.py", line 102, in test_add
    self.assertEqual(expected['code'],res['code'])
</pre>
                        

                            <pre>AssertionError: 1 != 1003
</pre>
                        
                        
                    </td>
                </tr>
            
                <tr>
                    <td>47</td>
                    <td class="TestAdd">TestAdd</td>
                    <td>test_add_007</td>
                    <td>加标失败-日期类型为空</td>
                    <td>0.272s</td>
                    
                        <td class="text-warning">失败</td>
                    
                    <td>
                        <button type="button" class="btn btn-success btn_info">查看详情</button>
                    </td>
                </tr>

                <tr class="test_log">

                    <td colspan="7" class="small text-muted" style=" word-wrap:break-word; word-break:break-all">
                        

                            <pre>请求前项目数： 283
预期结果： {'code': 1, 'msg': '借款日期类型为空'}
实际结果： {'code': 1003, 'copyright': 'Copyright 柠檬班 © 2017-2020 湖南省零檬信息技术有限公司 All Rights Reserved', 'msg': '验签失败，缺少timestamp参数'}
请求后项目数： 283
test_add_007 (test_05add.TestAdd.test_add_007)执行——>【失败】
</pre>
                        

                            <pre>Traceback (most recent call last):
</pre>
                        

                            <pre>  File "D:\SYX\software\Language_environment\python\Lib\unittest\case.py", line 57, in testPartExecutor
    yield
</pre>
                        

                            <pre>  File "D:\SYX\software\Language_environment\python\Lib\unittest\case.py", line 623, in run
    self._callTestMethod(testMethod)
</pre>
                        

                            <pre>  File "D:\SYX\software\Language_environment\python\Lib\unittest\case.py", line 579, in _callTestMethod
    if method() is not None:
       ^^^^^^^^
</pre>
                        

                            <pre>  File "D:\SYX\software\Language_environment\python\Lib\site-packages\unittestreport\core\dataDriver.py", line 18, in wrapper
    return func(self, params, *args, **kwargs)
           ^^^^^^^^^^^^^^^^^^^^^^^^^^^^^^^^^^^
</pre>
                        

                            <pre>  File "D:\Pycharm_Program\Template_Files\program\program_2\testcases\test_05add.py", line 119, in test_add
    raise e
</pre>
                        

                            <pre>  File "D:\Pycharm_Program\Template_Files\program\program_2\testcases\test_05add.py", line 102, in test_add
    self.assertEqual(expected['code'],res['code'])
</pre>
                        

                            <pre>AssertionError: 1 != 1003
</pre>
                        
                        
                    </td>
                </tr>
            
                <tr>
                    <td>48</td>
                    <td class="TestAdd">TestAdd</td>
                    <td>test_add_008</td>
                    <td>加标失败-竞标期限为空</td>
                    <td>0.243s</td>
                    
                        <td class="text-warning">失败</td>
                    
                    <td>
                        <button type="button" class="btn btn-success btn_info">查看详情</button>
                    </td>
                </tr>

                <tr class="test_log">

                    <td colspan="7" class="small text-muted" style=" word-wrap:break-word; word-break:break-all">
                        

                            <pre>请求前项目数： 283
预期结果： {'code': 1, 'msg': '竞标期限为空'}
实际结果： {'code': 1003, 'copyright': 'Copyright 柠檬班 © 2017-2020 湖南省零檬信息技术有限公司 All Rights Reserved', 'msg': '验签失败，缺少timestamp参数'}
请求后项目数： 283
test_add_008 (test_05add.TestAdd.test_add_008)执行——>【失败】
</pre>
                        

                            <pre>Traceback (most recent call last):
</pre>
                        

                            <pre>  File "D:\SYX\software\Language_environment\python\Lib\unittest\case.py", line 57, in testPartExecutor
    yield
</pre>
                        

                            <pre>  File "D:\SYX\software\Language_environment\python\Lib\unittest\case.py", line 623, in run
    self._callTestMethod(testMethod)
</pre>
                        

                            <pre>  File "D:\SYX\software\Language_environment\python\Lib\unittest\case.py", line 579, in _callTestMethod
    if method() is not None:
       ^^^^^^^^
</pre>
                        

                            <pre>  File "D:\SYX\software\Language_environment\python\Lib\site-packages\unittestreport\core\dataDriver.py", line 18, in wrapper
    return func(self, params, *args, **kwargs)
           ^^^^^^^^^^^^^^^^^^^^^^^^^^^^^^^^^^^
</pre>
                        

                            <pre>  File "D:\Pycharm_Program\Template_Files\program\program_2\testcases\test_05add.py", line 119, in test_add
    raise e
</pre>
                        

                            <pre>  File "D:\Pycharm_Program\Template_Files\program\program_2\testcases\test_05add.py", line 102, in test_add
    self.assertEqual(expected['code'],res['code'])
</pre>
                        

                            <pre>AssertionError: 1 != 1003
</pre>
                        
                        
                    </td>
                </tr>
            
                <tr>
                    <td>49</td>
                    <td class="TestAdd">TestAdd</td>
                    <td>test_add_009</td>
                    <td>加标失败-用户ID错误</td>
                    <td>0.237s</td>
                    
                        <td class="text-warning">失败</td>
                    
                    <td>
                        <button type="button" class="btn btn-success btn_info">查看详情</button>
                    </td>
                </tr>

                <tr class="test_log">

                    <td colspan="7" class="small text-muted" style=" word-wrap:break-word; word-break:break-all">
                        

                            <pre>请求前项目数： 283
预期结果： {'code': 1007, 'msg': '无权限访问，请检查参数'}
实际结果： {'code': 1003, 'copyright': 'Copyright 柠檬班 © 2017-2020 湖南省零檬信息技术有限公司 All Rights Reserved', 'msg': '验签失败，缺少timestamp参数'}
请求后项目数： 283
test_add_009 (test_05add.TestAdd.test_add_009)执行——>【失败】
</pre>
                        

                            <pre>Traceback (most recent call last):
</pre>
                        

                            <pre>  File "D:\SYX\software\Language_environment\python\Lib\unittest\case.py", line 57, in testPartExecutor
    yield
</pre>
                        

                            <pre>  File "D:\SYX\software\Language_environment\python\Lib\unittest\case.py", line 623, in run
    self._callTestMethod(testMethod)
</pre>
                        

                            <pre>  File "D:\SYX\software\Language_environment\python\Lib\unittest\case.py", line 579, in _callTestMethod
    if method() is not None:
       ^^^^^^^^
</pre>
                        

                            <pre>  File "D:\SYX\software\Language_environment\python\Lib\site-packages\unittestreport\core\dataDriver.py", line 18, in wrapper
    return func(self, params, *args, **kwargs)
           ^^^^^^^^^^^^^^^^^^^^^^^^^^^^^^^^^^^
</pre>
                        

                            <pre>  File "D:\Pycharm_Program\Template_Files\program\program_2\testcases\test_05add.py", line 119, in test_add
    raise e
</pre>
                        

                            <pre>  File "D:\Pycharm_Program\Template_Files\program\program_2\testcases\test_05add.py", line 102, in test_add
    self.assertEqual(expected['code'],res['code'])
</pre>
                        

                            <pre>AssertionError: 1007 != 1003
</pre>
                        
                        
                    </td>
                </tr>
            
                <tr>
                    <td>50</td>
                    <td class="TestAdd">TestAdd</td>
                    <td>test_add_010</td>
                    <td>加标失败-借款金额为负：-500</td>
                    <td>0.24s</td>
                    
                        <td class="text-warning">失败</td>
                    
                    <td>
                        <button type="button" class="btn btn-success btn_info">查看详情</button>
                    </td>
                </tr>

                <tr class="test_log">

                    <td colspan="7" class="small text-muted" style=" word-wrap:break-word; word-break:break-all">
                        

                            <pre>请求前项目数： 283
预期结果： {'code': 2, 'msg': '借款金额范围错误'}
实际结果： {'code': 1003, 'copyright': 'Copyright 柠檬班 © 2017-2020 湖南省零檬信息技术有限公司 All Rights Reserved', 'msg': '验签失败，缺少timestamp参数'}
请求后项目数： 283
test_add_010 (test_05add.TestAdd.test_add_010)执行——>【失败】
</pre>
                        

                            <pre>Traceback (most recent call last):
</pre>
                        

                            <pre>  File "D:\SYX\software\Language_environment\python\Lib\unittest\case.py", line 57, in testPartExecutor
    yield
</pre>
                        

                            <pre>  File "D:\SYX\software\Language_environment\python\Lib\unittest\case.py", line 623, in run
    self._callTestMethod(testMethod)
</pre>
                        

                            <pre>  File "D:\SYX\software\Language_environment\python\Lib\unittest\case.py", line 579, in _callTestMethod
    if method() is not None:
       ^^^^^^^^
</pre>
                        

                            <pre>  File "D:\SYX\software\Language_environment\python\Lib\site-packages\unittestreport\core\dataDriver.py", line 18, in wrapper
    return func(self, params, *args, **kwargs)
           ^^^^^^^^^^^^^^^^^^^^^^^^^^^^^^^^^^^
</pre>
                        

                            <pre>  File "D:\Pycharm_Program\Template_Files\program\program_2\testcases\test_05add.py", line 119, in test_add
    raise e
</pre>
                        

                            <pre>  File "D:\Pycharm_Program\Template_Files\program\program_2\testcases\test_05add.py", line 102, in test_add
    self.assertEqual(expected['code'],res['code'])
</pre>
                        

                            <pre>AssertionError: 2 != 1003
</pre>
                        
                        
                    </td>
                </tr>
            
                <tr>
                    <td>51</td>
                    <td class="TestAdd">TestAdd</td>
                    <td>test_add_011</td>
                    <td>加标失败-借款金额为小数：0.55</td>
                    <td>0.248s</td>
                    
                        <td class="text-warning">失败</td>
                    
                    <td>
                        <button type="button" class="btn btn-success btn_info">查看详情</button>
                    </td>
                </tr>

                <tr class="test_log">

                    <td colspan="7" class="small text-muted" style=" word-wrap:break-word; word-break:break-all">
                        

                            <pre>请求前项目数： 283
预期结果： {'code': 2, 'msg': '借款金额范围错误'}
实际结果： {'code': 1003, 'copyright': 'Copyright 柠檬班 © 2017-2020 湖南省零檬信息技术有限公司 All Rights Reserved', 'msg': '验签失败，缺少timestamp参数'}
请求后项目数： 283
test_add_011 (test_05add.TestAdd.test_add_011)执行——>【失败】
</pre>
                        

                            <pre>Traceback (most recent call last):
</pre>
                        

                            <pre>  File "D:\SYX\software\Language_environment\python\Lib\unittest\case.py", line 57, in testPartExecutor
    yield
</pre>
                        

                            <pre>  File "D:\SYX\software\Language_environment\python\Lib\unittest\case.py", line 623, in run
    self._callTestMethod(testMethod)
</pre>
                        

                            <pre>  File "D:\SYX\software\Language_environment\python\Lib\unittest\case.py", line 579, in _callTestMethod
    if method() is not None:
       ^^^^^^^^
</pre>
                        

                            <pre>  File "D:\SYX\software\Language_environment\python\Lib\site-packages\unittestreport\core\dataDriver.py", line 18, in wrapper
    return func(self, params, *args, **kwargs)
           ^^^^^^^^^^^^^^^^^^^^^^^^^^^^^^^^^^^
</pre>
                        

                            <pre>  File "D:\Pycharm_Program\Template_Files\program\program_2\testcases\test_05add.py", line 119, in test_add
    raise e
</pre>
                        

                            <pre>  File "D:\Pycharm_Program\Template_Files\program\program_2\testcases\test_05add.py", line 102, in test_add
    self.assertEqual(expected['code'],res['code'])
</pre>
                        

                            <pre>AssertionError: 2 != 1003
</pre>
                        
                        
                    </td>
                </tr>
            
                <tr>
                    <td>52</td>
                    <td class="TestAudit">TestAudit</td>
                    <td>test_audit_001</td>
                    <td>审核通过</td>
                    <td>0.0519s</td>
                    
                        <td class="text-danger">错误</td>
                    
                    <td>
                        <button type="button" class="btn btn-success btn_info">查看详情</button>
                    </td>
                </tr>

                <tr class="test_log">

                    <td colspan="7" class="small text-muted" style=" word-wrap:break-word; word-break:break-all">
                        

                            <pre>Traceback (most recent call last):
</pre>
                        

                            <pre>  File "D:\SYX\software\Language_environment\python\Lib\unittest\case.py", line 57, in testPartExecutor
    yield
</pre>
                        

                            <pre>  File "D:\SYX\software\Language_environment\python\Lib\unittest\case.py", line 619, in run
    self._callSetUp()
</pre>
                        

                            <pre>  File "D:\SYX\software\Language_environment\python\Lib\unittest\case.py", line 576, in _callSetUp
    self.setUp()
</pre>
                        

                            <pre>  File "D:\Pycharm_Program\Template_Files\program\program_2\testcases\test_06audit.py", line 43, in setUp
    self.add_project()
</pre>
                        

                            <pre>  File "D:\Pycharm_Program\Template_Files\program\program_2\testcases\fixture.py", line 111, in add_project
    cls.loan_id = jsonpath(res, '$..id')[0]
                  ~~~~~~~~~~~~~~~~~~~~~~^^^
</pre>
                        

                            <pre>TypeError: 'bool' object is not subscriptable
</pre>
                        

                            <pre>test_audit_001 (test_06audit.TestAudit.test_audit_001)执行——>【错误Error】
</pre>
                        
                        
                    </td>
                </tr>
            
                <tr>
                    <td>53</td>
                    <td class="TestAudit">TestAudit</td>
                    <td>test_audit_002</td>
                    <td>审核不通过</td>
                    <td>0.0558s</td>
                    
                        <td class="text-danger">错误</td>
                    
                    <td>
                        <button type="button" class="btn btn-success btn_info">查看详情</button>
                    </td>
                </tr>

                <tr class="test_log">

                    <td colspan="7" class="small text-muted" style=" word-wrap:break-word; word-break:break-all">
                        

                            <pre>Traceback (most recent call last):
</pre>
                        

                            <pre>  File "D:\SYX\software\Language_environment\python\Lib\unittest\case.py", line 57, in testPartExecutor
    yield
</pre>
                        

                            <pre>  File "D:\SYX\software\Language_environment\python\Lib\unittest\case.py", line 619, in run
    self._callSetUp()
</pre>
                        

                            <pre>  File "D:\SYX\software\Language_environment\python\Lib\unittest\case.py", line 576, in _callSetUp
    self.setUp()
</pre>
                        

                            <pre>  File "D:\Pycharm_Program\Template_Files\program\program_2\testcases\test_06audit.py", line 43, in setUp
    self.add_project()
</pre>
                        

                            <pre>  File "D:\Pycharm_Program\Template_Files\program\program_2\testcases\fixture.py", line 111, in add_project
    cls.loan_id = jsonpath(res, '$..id')[0]
                  ~~~~~~~~~~~~~~~~~~~~~~^^^
</pre>
                        

                            <pre>TypeError: 'bool' object is not subscriptable
</pre>
                        

                            <pre>test_audit_002 (test_06audit.TestAudit.test_audit_002)执行——>【错误Error】
</pre>
                        
                        
                    </td>
                </tr>
            
                <tr>
                    <td>54</td>
                    <td class="TestAudit">TestAudit</td>
                    <td>test_audit_003</td>
                    <td>项目不在审核中状态</td>
                    <td>0.0516s</td>
                    
                        <td class="text-danger">错误</td>
                    
                    <td>
                        <button type="button" class="btn btn-success btn_info">查看详情</button>
                    </td>
                </tr>

                <tr class="test_log">

                    <td colspan="7" class="small text-muted" style=" word-wrap:break-word; word-break:break-all">
                        

                            <pre>Traceback (most recent call last):
</pre>
                        

                            <pre>  File "D:\SYX\software\Language_environment\python\Lib\unittest\case.py", line 57, in testPartExecutor
    yield
</pre>
                        

                            <pre>  File "D:\SYX\software\Language_environment\python\Lib\unittest\case.py", line 619, in run
    self._callSetUp()
</pre>
                        

                            <pre>  File "D:\SYX\software\Language_environment\python\Lib\unittest\case.py", line 576, in _callSetUp
    self.setUp()
</pre>
                        

                            <pre>  File "D:\Pycharm_Program\Template_Files\program\program_2\testcases\test_06audit.py", line 43, in setUp
    self.add_project()
</pre>
                        

                            <pre>  File "D:\Pycharm_Program\Template_Files\program\program_2\testcases\fixture.py", line 111, in add_project
    cls.loan_id = jsonpath(res, '$..id')[0]
                  ~~~~~~~~~~~~~~~~~~~~~~^^^
</pre>
                        

                            <pre>TypeError: 'bool' object is not subscriptable
</pre>
                        

                            <pre>test_audit_003 (test_06audit.TestAudit.test_audit_003)执行——>【错误Error】
</pre>
                        
                        
                    </td>
                </tr>
            
                <tr>
                    <td>55</td>
                    <td class="TestAudit">TestAudit</td>
                    <td>test_audit_004</td>
                    <td>参数approved_or_not为空</td>
                    <td>0.0498s</td>
                    
                        <td class="text-danger">错误</td>
                    
                    <td>
                        <button type="button" class="btn btn-success btn_info">查看详情</button>
                    </td>
                </tr>

                <tr class="test_log">

                    <td colspan="7" class="small text-muted" style=" word-wrap:break-word; word-break:break-all">
                        

                            <pre>Traceback (most recent call last):
</pre>
                        

                            <pre>  File "D:\SYX\software\Language_environment\python\Lib\unittest\case.py", line 57, in testPartExecutor
    yield
</pre>
                        

                            <pre>  File "D:\SYX\software\Language_environment\python\Lib\unittest\case.py", line 619, in run
    self._callSetUp()
</pre>
                        

                            <pre>  File "D:\SYX\software\Language_environment\python\Lib\unittest\case.py", line 576, in _callSetUp
    self.setUp()
</pre>
                        

                            <pre>  File "D:\Pycharm_Program\Template_Files\program\program_2\testcases\test_06audit.py", line 43, in setUp
    self.add_project()
</pre>
                        

                            <pre>  File "D:\Pycharm_Program\Template_Files\program\program_2\testcases\fixture.py", line 111, in add_project
    cls.loan_id = jsonpath(res, '$..id')[0]
                  ~~~~~~~~~~~~~~~~~~~~~~^^^
</pre>
                        

                            <pre>TypeError: 'bool' object is not subscriptable
</pre>
                        

                            <pre>test_audit_004 (test_06audit.TestAudit.test_audit_004)执行——>【错误Error】
</pre>
                        
                        
                    </td>
                </tr>
            
                <tr>
                    <td>56</td>
                    <td class="TestAudit">TestAudit</td>
                    <td>test_audit_005</td>
                    <td>项目ID为空</td>
                    <td>0.0499s</td>
                    
                        <td class="text-danger">错误</td>
                    
                    <td>
                        <button type="button" class="btn btn-success btn_info">查看详情</button>
                    </td>
                </tr>

                <tr class="test_log">

                    <td colspan="7" class="small text-muted" style=" word-wrap:break-word; word-break:break-all">
                        

                            <pre>Traceback (most recent call last):
</pre>
                        

                            <pre>  File "D:\SYX\software\Language_environment\python\Lib\unittest\case.py", line 57, in testPartExecutor
    yield
</pre>
                        

                            <pre>  File "D:\SYX\software\Language_environment\python\Lib\unittest\case.py", line 619, in run
    self._callSetUp()
</pre>
                        

                            <pre>  File "D:\SYX\software\Language_environment\python\Lib\unittest\case.py", line 576, in _callSetUp
    self.setUp()
</pre>
                        

                            <pre>  File "D:\Pycharm_Program\Template_Files\program\program_2\testcases\test_06audit.py", line 43, in setUp
    self.add_project()
</pre>
                        

                            <pre>  File "D:\Pycharm_Program\Template_Files\program\program_2\testcases\fixture.py", line 111, in add_project
    cls.loan_id = jsonpath(res, '$..id')[0]
                  ~~~~~~~~~~~~~~~~~~~~~~^^^
</pre>
                        

                            <pre>TypeError: 'bool' object is not subscriptable
</pre>
                        

                            <pre>test_audit_005 (test_06audit.TestAudit.test_audit_005)执行——>【错误Error】
</pre>
                        
                        
                    </td>
                </tr>
            
                <tr>
                    <td>57</td>
                    <td class="TestAudit">TestAudit</td>
                    <td>test_audit_006</td>
                    <td>项目ID不存在</td>
                    <td>0.0502s</td>
                    
                        <td class="text-danger">错误</td>
                    
                    <td>
                        <button type="button" class="btn btn-success btn_info">查看详情</button>
                    </td>
                </tr>

                <tr class="test_log">

                    <td colspan="7" class="small text-muted" style=" word-wrap:break-word; word-break:break-all">
                        

                            <pre>Traceback (most recent call last):
</pre>
                        

                            <pre>  File "D:\SYX\software\Language_environment\python\Lib\unittest\case.py", line 57, in testPartExecutor
    yield
</pre>
                        

                            <pre>  File "D:\SYX\software\Language_environment\python\Lib\unittest\case.py", line 619, in run
    self._callSetUp()
</pre>
                        

                            <pre>  File "D:\SYX\software\Language_environment\python\Lib\unittest\case.py", line 576, in _callSetUp
    self.setUp()
</pre>
                        

                            <pre>  File "D:\Pycharm_Program\Template_Files\program\program_2\testcases\test_06audit.py", line 43, in setUp
    self.add_project()
</pre>
                        

                            <pre>  File "D:\Pycharm_Program\Template_Files\program\program_2\testcases\fixture.py", line 111, in add_project
    cls.loan_id = jsonpath(res, '$..id')[0]
                  ~~~~~~~~~~~~~~~~~~~~~~^^^
</pre>
                        

                            <pre>TypeError: 'bool' object is not subscriptable
</pre>
                        

                            <pre>test_audit_006 (test_06audit.TestAudit.test_audit_006)执行——>【错误Error】
</pre>
                        
                        
                    </td>
                </tr>
            
                <tr>
                    <td>58</td>
                    <td class="TestInvest">TestInvest</td>
                    <td>setUpClass </td>
                    <td>None</td>
                    <td>0</td>
                    
                        <td class="text-danger">错误</td>
                    
                    <td>
                        <button type="button" class="btn btn-success btn_info">查看详情</button>
                    </td>
                </tr>

                <tr class="test_log">

                    <td colspan="7" class="small text-muted" style=" word-wrap:break-word; word-break:break-all">
                        

                            <pre>Traceback (most recent call last):
</pre>
                        

                            <pre>  File "D:\SYX\software\Language_environment\python\Lib\unittest\suite.py", line 166, in _handleClassSetUp
    setUpClass()
</pre>
                        

                            <pre>  File "D:\Pycharm_Program\Template_Files\program\program_2\testcases\test_07invest.py", line 53, in setUpClass
    cls.add_project()
</pre>
                        

                            <pre>  File "D:\Pycharm_Program\Template_Files\program\program_2\testcases\fixture.py", line 111, in add_project
    cls.loan_id = jsonpath(res, '$..id')[0]
                  ~~~~~~~~~~~~~~~~~~~~~~^^^
</pre>
                        

                            <pre>TypeError: 'bool' object is not subscriptable
</pre>
                        
                        
                    </td>
                </tr>
            

            </tbody>
        </table>
    </div>

    <div style="height: 200px"></div>
</div>


<script>
    var tbodyTr = $('tbody tr');
    var testResult = $("#testResult");
    var testClass = $("#testClass");
    <!--    用例执行详细信息显示切换-->
    $(".btn_info").click(function () {
        $(this).parent().parent().next().toggle();

    });
    // 当选择用例类之后触发
    testClass.change(function () {
        var cls = $(this).val();
        var res = testResult.val();
        elementDisplay(cls, res);
        sort()
    });
    testResult.change(function () {
        var res = $(this).val();
        var cls = testClass.val();
        elementDisplay(cls, res);
        sort()
    });

    function elementDisplay(cls, res) {
        // 用例数据的显示
        if (cls === "所有") {
            if (res === "所有") {
                tbodyTr.has('button').show();
            } else if (res === '成功') {
                tbodyTr.hide();
                tbodyTr.has('button').has('.text-success').show()

            } else if (res === '失败') {
                tbodyTr.hide();
                tbodyTr.has('button').has('.text-warning').show()

            } else if (res === '错误') {
                tbodyTr.hide();
                tbodyTr.has('button').has('.text-danger').show()

            } else if (res === '跳过') {
                tbodyTr.hide();
                tbodyTr.has('button').has('.text-info').show()
            }
        } else {
            if (res === "所有") {
                tbodyTr.hide();
                tbodyTr.has('button').has('.' + cls + '').show()
            } else if (res === '成功') {
                tbodyTr.hide();
                tbodyTr.has('button').has('.' + cls + '').has('.text-success').show()
            } else if (res === '失败') {
                tbodyTr.hide();
                tbodyTr.has('button').has('.' + cls + '').has('.text-warning').show()
            } else if (res === '错误') {
                tbodyTr.hide();
                tbodyTr.has('button').has('.' + cls + '').has('.text-danger').show()
            } else if (res === '跳过') {
                tbodyTr.hide();
                tbodyTr.has('button').has('.' + cls + '').has('.text-info').show()
            }
        }
    }

    function sort() {
        //重新排列显示序号
        // 选择所有可以见的tr
        var visibleTr = tbodyTr.filter(":visible");

        visibleTr.each(function (index, element) {
            element.firstElementChild.innerHTML = index + 1;

        })

    }


</script>

<script type="text/javascript">
    // 基于准备好的dom，初始化echarts实例
    var myChart = echarts.init(document.getElementById('char'));
    var myChart2 = echarts.init(document.getElementById('char2'));
    // 指定图表的配置项和数据
    option = {
        color: ['#00a10a', '#ddb518', 'rgba(204,46,41,0.73)', '#85898c'],
        tooltip: {
            trigger: 'item',
            formatter: '{a} <br/>{b}: {c} ({d}%)'
        },
        legend: {
            orient: 'vertical',
            left: 10,
            data: ['通过', '失败', '错误', '跳过']
        },
        series: [
            {
                name: '测试结果',
                type: 'pie',
                radius: ['50%', '70%'],
                avoidLabelOverlap: false,
                label: {
                    show: false,
                    position: 'center'
                },
                emphasis: {
                    label: {
                        show: true,
                        fontSize: '30',
                        fontWeight: 'bold'
                    }
                },
                labelLine: {
                    show: false
                },
                data: [
                    {value: 19, name: '通过'},
                    {value: 32, name: '失败'},
                    {value: 7, name: '错误'},
                    {value: 0, name: '跳过'}
                ]
            }
        ]
    };
    option2 = {
        tooltip: {
            formatter: '{a} <br/>{b} : {c}%'
        },
        toolbox: {
            feature: {
                restore: {},
                saveAsImage: {}
            }
        },
        series: [
            {
                name: '测试结果',
                type: 'gauge',
                detail: {formatter: '32.76%'},
                data: [{value: '32.76', name: '用例通过率'}],
                axisLine: {
                    lineStyle: {
                        color: [
                            [0.2, '#c20000'],
                            [0.8, '#ddb518'],
                            [1, '#00a10a']]
                    }
                }
            }
        ]
    };


    myChart2.setOption(option2);
    // 使用刚指定的配置项和数据显示图表。
    myChart.setOption(option);
</script>


</body>
</html>